This is XeTeX, Version 3.1415926-2.5-0.9999.3 (MiKTeX 2.9) (preloaded format=xelatex 2015.3.13)  6 APR 2016 15:03
entering extended mode
**C:/Users/celsius/Desktop/current/thesis.tex
(C:/Users/celsius/Desktop/current/thesis.tex
LaTeX2e <2011/06/27>
Babel <v3.8m> and hyphenation patterns for english, afrikaans, ancientgreek, ar
abic, armenian, assamese, basque, bengali, bokmal, bulgarian, catalan, coptic, 
croatian, czech, danish, dutch, esperanto, estonian, farsi, finnish, french, ga
lician, german, german-x-2013-05-26, greek, gujarati, hindi, hungarian, iceland
ic, indonesian, interlingua, irish, italian, kannada, kurmanji, latin, latvian,
 lithuanian, malayalam, marathi, mongolian, mongolianlmc, monogreek, ngerman, n
german-x-2013-05-26, nynorsk, oriya, panjabi, pinyin, polish, portuguese, roman
ian, russian, sanskrit, serbian, slovak, slovenian, spanish, swedish, swissgerm
an, tamil, telugu, turkish, turkmen, ukenglish, ukrainian, uppersorbian, usengl
ishmax, welsh, loaded.
(C:\apps\latex_portable\miktex-portable-2.9.5105\tex\latex\memoir\memoir.cls
Document Class: memoir 2015/03/05 v3.7c configurable book, report, article docu
ment class
\onelineskip=\skip41
\lxvchars=\skip42
\xlvchars=\skip43
\@memcnta=\count80
\c@@memmarkcntra=\count81
\l@nohyphenation=\language69

(C:\apps\latex_portable\miktex-portable-2.9.5105\tex\generic\oberdiek\ifpdf.sty
Package: ifpdf 2011/01/30 v2.3 Provides the ifpdf switch (HO)
Package ifpdf Info: pdfTeX in PDF mode is not detected.
) (C:\apps\latex_portable\miktex-portable-2.9.5105\tex\latex\ifetex\ifetex.sty
Package: ifetex 2011/12/15 v1.2 ifetex

(C:\apps\latex_portable\miktex-portable-2.9.5105\tex\plain\ifetex\ifetex.tex))
(C:\apps\latex_portable\miktex-portable-2.9.5105\tex\generic\ifxetex\ifxetex.st
y
Package: ifxetex 2010/09/12 v0.6 Provides ifxetex conditional
)
(C:\apps\latex_portable\miktex-portable-2.9.5105\tex\generic\oberdiek\ifluatex.
sty
Package: ifluatex 2010/03/01 v1.3 Provides the ifluatex switch (HO)
Package ifluatex Info: LuaTeX not detected.
)
\stockheight=\skip44
\stockwidth=\skip45
\trimtop=\skip46
\trimedge=\skip47
 (C:\apps\latex_portable\miktex-portable-2.9.5105\tex\latex\misc\etex.sty
Package: etex 1998/03/26 v2.0 eTeX basic definition package (PEB)
\et@xins=\count82
)
(C:\apps\latex_portable\miktex-portable-2.9.5105\tex\latex\memoir\mem11.clo
File: mem11.clo 2008/01/30 v0.3 memoir class 11pt size option
Requested font "cmr10" at 10.95pt
)
\binding=\skip48
\spinemargin=\skip49
\foremargin=\skip50
\uppermargin=\skip51
\lowermargin=\skip52
\headdrop=\skip53
\normalrulethickness=\skip54
\mem@maxheadheight=\skip55
\mem@maxfootheight=\skip56
\headwidth=\skip57
\c@storedpagenumber=\count83
\memPD=\dimen102
\m@mabparskip=\skip58
\thanksmarkwidth=\skip59
\thanksmarksep=\skip60
\droptitle=\skip61
\c@book=\count84
\c@part=\count85
\c@chapter=\count86
\c@section=\count87
\c@subsection=\count88
\c@subsubsection=\count89
\c@paragraph=\count90
\c@subparagraph=\count91
\beforechapskip=\skip62
\midchapskip=\skip63
\afterchapskip=\skip64
\chapindent=\skip65
\bottomsectionskip=\skip66
\secindent=\skip67
\beforesecskip=\skip68
\aftersecskip=\skip69
\subsecindent=\skip70
\beforesubsecskip=\skip71
\aftersubsecskip=\skip72
\subsubsecindent=\skip73
\beforesubsubsecskip=\skip74
\aftersubsubsecskip=\skip75
\paraindent=\skip76
\beforeparaskip=\skip77
\afterparaskip=\skip78
\subparaindent=\skip79
\beforesubparaskip=\skip80
\aftersubparaskip=\skip81
\pfbreakskip=\skip82
\c@@ppsavesec=\count92
\c@@ppsaveapp=\count93
\ragrparindent=\dimen103
\everylistparindent=\dimen104
\parsepi=\skip83
\topsepi=\skip84
\itemsepi=\skip85
\parsepii=\skip86
\topsepii=\skip87
\topsepiii=\skip88
\itemsepii=\skip89
\itemsepiii=\skip90
\partopsepii=\skip91
\partopsepiii=\skip92
\m@msavetopsep=\skip93
\m@msavepartopsep=\skip94
\@enLab=\toks14
\abstitleskip=\skip95
\absleftindent=\skip96
\abs@leftindent=\dimen105
\absrightindent=\skip97
\absparindent=\skip98
\absparsep=\skip99
\c@vslineno=\count94
\c@poemline=\count95
\c@modulo@vs=\count96
\c@memfvsline=\count97
\vleftskip=\skip100
\vrightskip=\skip101
\stanzaskip=\skip102
\versewidth=\skip103
\vgap=\skip104
\vindent=\skip105
\vleftmargin=\dimen106
\c@verse=\count98
\c@chrsinstr=\count99
\beforepoemtitleskip=\skip106
\afterpoemtitleskip=\skip107
\c@poem=\count100
\beforePoemTitleskip=\skip108
\midPoemTitleskip=\skip109
\afterPoemTitleskip=\skip110
\col@sep=\dimen107
\extrarowheight=\dimen108
\NC@list=\toks15
\extratabsurround=\skip111
\backup@length=\skip112
\TX@col@width=\dimen109
\TX@old@table=\dimen110
\TX@old@col=\dimen111
\TX@target=\dimen112
\TX@delta=\dimen113
\TX@cols=\count101
\TX@ftn=\toks16
\heavyrulewidth=\dimen114
\lightrulewidth=\dimen115
\cmidrulewidth=\dimen116
\belowrulesep=\dimen117
\belowbottomsep=\dimen118
\aboverulesep=\dimen119
\abovetopsep=\dimen120
\cmidrulesep=\dimen121
\cmidrulekern=\dimen122
\defaultaddspace=\dimen123
\@cmidla=\count102
\@cmidlb=\count103
\@aboverulesep=\dimen124
\@belowrulesep=\dimen125
\@thisruleclass=\count104
\@lastruleclass=\count105
\@thisrulewidth=\dimen126
\ctableftskip=\skip113
\ctabrightskip=\skip114
\abovecolumnspenalty=\count106
\@linestogo=\count107
\@cellstogo=\count108
\@cellsincolumn=\count109
\crtok=\toks17
\@mincolumnwidth=\dimen127
\c@newflo@tctr=\count110
\mem@margin@floatbox=\box26
\@contcwidth=\skip115
\@contindw=\skip116
\abovecaptionskip=\skip117
\belowcaptionskip=\skip118
\subfloattopskip=\skip119
\subfloatcapskip=\skip120
\subfloatcaptopadj=\skip121
\subfloatbottomskip=\skip122
\subfloatlabelskip=\skip123
\subfloatcapmargin=\dimen128
\c@@contsubnum=\count111
\m@mscap@capbox=\box27
\m@mscap@fbox=\box28
\sidecapsep=\dimen129
\sidecapwidth=\dimen130
\m@m@tempdima=\dimen131
\m@mscapraise=\dimen132
\sidecapraise=\dimen133
\m@mscapmainwidth=\dimen134
\m@mscaplkern=\dimen135
\beforeepigraphskip=\skip124
\afterepigraphskip=\skip125
\epigraphwidth=\skip126
\epigraphrule=\skip127
LaTeX Info: Redefining \em on input line 7514.
LaTeX Info: Redefining \emph on input line 7522.
\tocentryskip=\skip128
\tocbaseline=\skip129
\cftparskip=\skip130
\cftbeforebookskip=\skip131
\cftbookindent=\dimen136
\cftbooknumwidth=\dimen137
\cftbeforepartskip=\skip132
\cftpartindent=\skip133
\cftpartnumwidth=\skip134
\cftbeforechapterskip=\skip135
\cftchapterindent=\skip136
\cftchapternumwidth=\skip137
\cftbeforesectionskip=\skip138
\cftsectionindent=\skip139
\cftsectionnumwidth=\skip140
\cftbeforesubsectionskip=\skip141
\cftsubsectionindent=\skip142
\cftsubsectionnumwidth=\skip143
\cftbeforesubsubsectionskip=\skip144
\cftsubsubsectionindent=\skip145
\cftsubsubsectionnumwidth=\skip146
\cftbeforeparagraphskip=\skip147
\cftparagraphindent=\skip148
\cftparagraphnumwidth=\skip149
\cftbeforesubparagraphskip=\skip150
\cftsubparagraphindent=\skip151
\cftsubparagraphnumwidth=\skip152
\prechapterprecisshift=\dimen138
\c@maxsecnumdepth=\count112
\bibindent=\dimen139
\bibitemsep=\skip153
\indexcolsep=\skip154
\indexrule=\skip155
\indexmarkstyle=\toks18
\@indexbox=\insert233
\glossarycolsep=\dimen140
\glossaryrule=\dimen141
\sideparvshift=\skip156
\sideins=\insert232
\sidebartopsep=\skip157
\sidebarhsep=\skip158
\sidebarvsep=\skip159
\sidebarwidth=\skip160
\footmarkwidth=\skip161
\footmarksep=\skip162
\footparindent=\skip163
\footinsdim=\skip164
\footinsv@r=\insert231
\@mpfootinsv@r=\insert230
\m@m@k=\count113
\m@m@h=\dimen142
\m@mipn@skip=\skip165
Requested font "cmr9" at 9.0pt
\sidefootins=\insert229
\sidefootadjust=\skip166
\sidefootheight=\skip167
\sidefoothsep=\skip168
\sidefootvsep=\skip169
\sidefootwidth=\skip170
\m@mdownsf=\skip171
\c@sidefootnote=\count114
\sidefootmarkwidth=\skip172
\sidefootmarksep=\skip173
\sidefootparindent=\skip174
\c@pagenote=\count115
\c@pagenoteshadow=\count116
\mem@pn@lastkern=\skip175
\every@verbatim=\toks19
\afterevery@verbatim=\toks20
\verbatim@line=\toks21
\tab@position=\count117
\verbatim@in@stream=\read1
\verbatimindent=\skip176
\verbatim@out=\write3
\bvboxsep=\skip177
\c@memfbvline=\count118
\c@bvlinectr=\count119
\bvnumlength=\skip178
\fb@frw=\dimen143
\fb@frh=\dimen144
\FrameRule=\dimen145
\FrameSep=\dimen146
\c@cp@cntr=\count120
LaTeX Info: Redefining \: on input line 11980.
LaTeX Info: Redefining \! on input line 11982.
\c@ism@mctr=\count121
\c@xsm@mctr=\count122
\c@csm@mctr=\count123
\c@ksm@mctr=\count124
\c@xksm@mctr=\count125
\c@cksm@mctr=\count126
\c@msm@mctr=\count127
\c@xmsm@mctr=\count128
\c@cmsm@mctr=\count129
\c@bsm@mctr=\count130
\c@workm@mctr=\count131
\c@sheetsequence=\count132
\c@lastsheet=\count133
\c@lastpage=\count134
\c@figure=\count135
\c@lofdepth=\count136
\cftbeforefigureskip=\skip179
\cftfigureindent=\skip180
\cftfigurenumwidth=\skip181
\c@table=\count137
\c@lotdepth=\count138
\cftbeforetableskip=\skip182
\cfttableindent=\skip183
\cfttablenumwidth=\skip184
Package abstract [2008/07/23] emulated by memoir.
Package appendix [2008/07/23] emulated by memoir.
Package array [2008/09/09] emulated by memoir.
Package booktabs [2008/07/23] emulated by memoir.
Package ccaption [2008/07/23] emulated by memoir.
Package changepage [2008/07/23] emulated by memoir.
Package chngcntr [2008/07/23] emulated by memoir.
Package chngpage [2008/07/23] emulated by memoir.
Package crop emulated by memoir.
Package dcolumn [2008/07/23] emulated by memoir.
Package delarray [2008/07/23] emulated by memoir.
Package enumerate [2008/07/23] emulated by memoir.
Package epigraph [2008/07/23] emulated by memoir.
Package ifmtarg [2008/07/23] emulated by memoir.
Package index [2008/07/23] emulated by memoir.
Package makeidx [2008/07/23] emulated by memoir.
Package moreverb [2008/07/23] emulated by memoir.
Package mparhack [2008/07/23] emulated by memoir.
Package needspace [2008/07/23] emulated by memoir.
Package newfile [2008/07/23] emulated by memoir.
Package nextpage [2008/07/23] emulated by memoir.
Package pagenote [2008/07/23] emulated by memoir.
Package parskip [2008/07/23] emulated by memoir.
Package patchcmd [2008/07/23] emulated by memoir.
Package setspace [2008/07/23] emulated by memoir.
Package shortvrb [2008/07/23] emulated by memoir.
Package showidx [2008/07/23] emulated by memoir.
Package tabularx [2008/07/23] emulated by memoir.
Package titleref [2008/07/23] emulated by memoir.
Package titling [2008/07/23] emulated by memoir.
Package tocbibind [2008/07/23] emulated by memoir.
Package tocloft [2008/07/23] emulated by memoir.
Package tocvsec2 [2008/07/23] emulated by memoir.
Package verbatim [2008/07/23] emulated by memoir.
Package verse [2008/07/23] emulated by memoir.

(C:\apps\latex_portable\miktex-portable-2.9.5105\tex\latex\memoir\mempatch.sty
Package: mempatch 2009/07/24 v6.0f Patches for memoir class v1.6180339
)) (C:\apps\latex_portable\miktex-portable-2.9.5105\tex\latex\cmap\cmap.sty
Package: cmap 2008/03/06 v1.0h CMap support: searchable PDF


Package cmap Warning: pdftex not detected - exiting.

) (C:\apps\latex_portable\miktex-portable-2.9.5105\tex\latex\base\fontenc.sty
Package: fontenc 2005/09/27 v1.99g Standard LaTeX package

(C:\apps\latex_portable\miktex-portable-2.9.5105\tex\latex\cyrillic\t2aenc.def
File: t2aenc.def 2005/09/27 v1.0i Cyrillic encoding definition file
)
LaTeX Font Info:    Try loading font information for T2A+cmr on input line 100.

(C:\apps\latex_portable\miktex-portable-2.9.5105\tex\latex\cyrillic\t2acmr.fd
File: t2acmr.fd 2001/08/11 v1.0a Computer Modern Cyrillic font definitions
)
Requested font "larm1095" at 10.95pt
) (C:\apps\latex_portable\miktex-portable-2.9.5105\tex\generic\babel\babel.sty
Package: babel 2008/07/08 v3.8m The Babel package

*************************************
* Local config file bblopts.cfg used
*

(C:\apps\latex_portable\miktex-portable-2.9.5105\tex\latex\00miktex\bblopts.cfg
File: bblopts.cfg 2006/07/31 v1.0 MiKTeX 'babel' configuration
)
(C:\apps\latex_portable\miktex-portable-2.9.5105\tex\latex\babel-english\englis
h.ldf
Language: english 2012/08/20 v3.3p English support from the babel system

(C:\apps\latex_portable\miktex-portable-2.9.5105\tex\generic\babel\babel.def
File: babel.def 2008/07/08 v3.8m Babel common definitions
\babel@savecnt=\count139
\U@D=\dimen147
)
\l@canadian = a dialect from \language\l@american 
\l@australian = a dialect from \language\l@british 
\l@newzealand = a dialect from \language\l@british 
))
(C:\apps\latex_portable\miktex-portable-2.9.5105\tex\generic\oberdiek\iflang.st
y
Package: iflang 2007/11/11 v1.5 Checks for the current language (HO)

(C:\apps\latex_portable\miktex-portable-2.9.5105\tex\generic\oberdiek\infwarerr
.sty
Package: infwarerr 2010/04/08 v1.3 Providing info/warning/error messages (HO)
)
(C:\apps\latex_portable\miktex-portable-2.9.5105\tex\generic\oberdiek\pdftexcmd
s.sty
Package: pdftexcmds 2011/11/29 v0.20 Utility functions of pdfTeX for LuaTeX (HO
)

(C:\apps\latex_portable\miktex-portable-2.9.5105\tex\generic\oberdiek\ltxcmds.s
ty
Package: ltxcmds 2011/11/09 v1.22 LaTeX kernel commands for general use (HO)
)
Package pdftexcmds Info: LuaTeX not detected.
Package pdftexcmds Info: pdfTeX >= 1.30 not detected.
Package pdftexcmds Info: \pdf@primitive is available.
Package pdftexcmds Info: \pdf@ifprimitive is available.
Package pdftexcmds Info: \pdfdraftmode not found.
)
Package iflang Info: Naming convention for patterns: babel.
)
(C:\apps\latex_portable\miktex-portable-2.9.5105\tex\latex\amsmath\amsmath.sty
Package: amsmath 2013/01/14 v2.14 AMS math features
\@mathmargin=\skip185

For additional information on amsmath, use the `?' option.
(C:\apps\latex_portable\miktex-portable-2.9.5105\tex\latex\amsmath\amstext.sty
Package: amstext 2000/06/29 v2.01

(C:\apps\latex_portable\miktex-portable-2.9.5105\tex\latex\amsmath\amsgen.sty
File: amsgen.sty 1999/11/30 v2.0
\@emptytoks=\toks22
\ex@=\dimen148
)) (C:\apps\latex_portable\miktex-portable-2.9.5105\tex\latex\amsmath\amsbsy.st
y
Package: amsbsy 1999/11/29 v1.2d
\pmbraise@=\dimen149
) (C:\apps\latex_portable\miktex-portable-2.9.5105\tex\latex\amsmath\amsopn.sty
Package: amsopn 1999/12/14 v2.01 operator names
)
\inf@bad=\count140
LaTeX Info: Redefining \frac on input line 210.
\uproot@=\count141
\leftroot@=\count142
LaTeX Info: Redefining \overline on input line 306.
\classnum@=\count143
\DOTSCASE@=\count144
LaTeX Info: Redefining \ldots on input line 378.
LaTeX Info: Redefining \dots on input line 381.
LaTeX Info: Redefining \cdots on input line 466.
\Mathstrutbox@=\box29
\strutbox@=\box30
\big@size=\dimen150
LaTeX Font Info:    Redeclaring font encoding OML on input line 566.
LaTeX Font Info:    Redeclaring font encoding OMS on input line 567.
\macc@depth=\count145
\c@MaxMatrixCols=\count146
\dotsspace@=\muskip10
\c@parentequation=\count147
\dspbrk@lvl=\count148
\tag@help=\toks23
\row@=\count149
\column@=\count150
\maxfields@=\count151
\andhelp@=\toks24
\eqnshift@=\dimen151
\alignsep@=\dimen152
\tagshift@=\dimen153
\tagwidth@=\dimen154
\totwidth@=\dimen155
\lineht@=\dimen156
\@envbody=\toks25
\multlinegap=\skip186
\multlinetaggap=\skip187
\mathdisplay@stack=\toks26
LaTeX Info: Redefining \[ on input line 2665.
LaTeX Info: Redefining \] on input line 2666.
)
(C:\apps\latex_portable\miktex-portable-2.9.5105\tex\latex\amsfonts\amsfonts.st
y
Package: amsfonts 2013/01/14 v3.01 Basic AMSFonts support
\symAMSa=\mathgroup4
\symAMSb=\mathgroup5
LaTeX Font Info:    Overwriting math alphabet `\mathfrak' in version `bold'
(Font)                  U/euf/m/n --> U/euf/b/n on input line 106.
)
(C:\apps\latex_portable\miktex-portable-2.9.5105\tex\latex\amsfonts\amssymb.sty
Package: amssymb 2013/01/14 v3.01 AMS font symbols
)
(C:\apps\latex_portable\miktex-portable-2.9.5105\tex\latex\fontspec\fontspec.st
y
Package: fontspec 2013/05/20 v2.3c Font selection for XeLaTeX and LuaLaTeX
 (C:\apps\latex_portable\miktex-portable-2.9.5105\tex\latex\l3kernel\expl3.sty
Package: expl3 2015/03/01 v5547 L3 programming layer (loader) 

(C:\apps\latex_portable\miktex-portable-2.9.5105\tex\latex\l3kernel\expl3-code.
tex
Package: expl3 2015/03/01 v5547 L3 programming layer (code) 
L3 Module: l3bootstrap 2015/02/28 v5542 L3 Bootstrap code
L3 Module: l3names 2015/02/24 v5535 L3 Namespace for primitives
L3 Module: l3basics 2015/01/27 v5500 L3 Basic definitions
L3 Module: l3expan 2014/11/27 v5472 L3 Argument expansion
L3 Module: l3tl 2015/01/27 v5500 L3 Token lists
L3 Module: l3str 2015/03/01 v5545 L3 Strings
L3 Module: l3seq 2014/08/23 v5354 L3 Sequences and stacks
L3 Module: l3int 2015/02/21 v5529 L3 Integers
\c_max_int=\count152
\l_tmpa_int=\count153
\l_tmpb_int=\count154
\g_tmpa_int=\count155
\g_tmpb_int=\count156
L3 Module: l3quark 2014/08/23 v5354 L3 Quarks
L3 Module: l3prg 2014/08/23 v5354 L3 Control structures
\g__prg_map_int=\count157
L3 Module: l3clist 2014/08/23 v5354 L3 Comma separated lists
L3 Module: l3token 2014/09/15 v5422 L3 Experimental token manipulation
L3 Module: l3prop 2014/08/23 v5354 L3 Property lists
L3 Module: l3msg 2015/02/26 v5537 L3 Messages
L3 Module: l3file 2014/08/24 v5369 L3 File and I/O operations
\l_iow_line_count_int=\count158
\l__iow_target_count_int=\count159
\l__iow_current_line_int=\count160
\l__iow_current_word_int=\count161
\l__iow_current_indentation_int=\count162
L3 Module: l3skip 2014/08/23 v5354 L3 Dimensions and skips
\c_zero_dim=\dimen157
\c_max_dim=\dimen158
\l_tmpa_dim=\dimen159
\l_tmpb_dim=\dimen160
\g_tmpa_dim=\dimen161
\g_tmpb_dim=\dimen162
\c_zero_skip=\skip188
\c_max_skip=\skip189
\l_tmpa_skip=\skip190
\l_tmpb_skip=\skip191
\g_tmpa_skip=\skip192
\g_tmpb_skip=\skip193
\c_zero_muskip=\muskip11
\c_max_muskip=\muskip12
\l_tmpa_muskip=\muskip13
\l_tmpb_muskip=\muskip14
\g_tmpa_muskip=\muskip15
\g_tmpb_muskip=\muskip16
L3 Module: l3keys 2015/01/27 v5500 L3 Key-value interfaces
\g__keyval_level_int=\count163
\l_keys_choice_int=\count164
L3 Module: l3fp 2014/08/22 v5336 L3 Floating points
\c__fp_leading_shift_int=\count165
\c__fp_middle_shift_int=\count166
\c__fp_trailing_shift_int=\count167
\c__fp_big_leading_shift_int=\count168
\c__fp_big_middle_shift_int=\count169
\c__fp_big_trailing_shift_int=\count170
\c__fp_Bigg_leading_shift_int=\count171
\c__fp_Bigg_middle_shift_int=\count172
\c__fp_Bigg_trailing_shift_int=\count173
L3 Module: l3box 2014/08/23 v5354 L3 Experimental boxes
\c_empty_box=\box31
\l_tmpa_box=\box32
\l_tmpb_box=\box33
\g_tmpa_box=\box34
\g_tmpb_box=\box35
L3 Module: l3coffins 2014/08/23 v5354 L3 Coffin code layer
\l__coffin_internal_box=\box36
\l__coffin_internal_dim=\dimen163
\l__coffin_offset_x_dim=\dimen164
\l__coffin_offset_y_dim=\dimen165
\l__coffin_x_dim=\dimen166
\l__coffin_y_dim=\dimen167
\l__coffin_x_prime_dim=\dimen168
\l__coffin_y_prime_dim=\dimen169
\c_empty_coffin=\box37
\l__coffin_aligned_coffin=\box38
\l__coffin_aligned_internal_coffin=\box39
\l_tmpa_coffin=\box40
\l_tmpb_coffin=\box41
\l__coffin_display_coffin=\box42
\l__coffin_display_coord_coffin=\box43
\l__coffin_display_pole_coffin=\box44
\l__coffin_display_offset_dim=\dimen170
\l__coffin_display_x_dim=\dimen171
\l__coffin_display_y_dim=\dimen172
L3 Module: l3color 2014/08/23 v5354 L3 Experimental color support
L3 Module: l3candidates 2015/03/01 v5544 L3 Experimental additions to l3kernel
\l__box_top_dim=\dimen173
\l__box_bottom_dim=\dimen174
\l__box_left_dim=\dimen175
\l__box_right_dim=\dimen176
\l__box_top_new_dim=\dimen177
\l__box_bottom_new_dim=\dimen178
\l__box_left_new_dim=\dimen179
\l__box_right_new_dim=\dimen180
\l__box_internal_box=\box45
\l__coffin_bounding_shift_dim=\dimen181
\l__coffin_left_corner_dim=\dimen182
\l__coffin_right_corner_dim=\dimen183
\l__coffin_bottom_corner_dim=\dimen184
\l__coffin_top_corner_dim=\dimen185
\l__coffin_scaled_total_height_dim=\dimen186
\l__coffin_scaled_width_dim=\dimen187
)
(C:\apps\latex_portable\miktex-portable-2.9.5105\tex\latex\l3kernel\l3unicode-d
ata.def
File: l3unicode-data.def 2015/03/01 v5544 L3 Unicode data
)
(C:\apps\latex_portable\miktex-portable-2.9.5105\tex\latex\l3kernel\l3xdvipdfmx
.def
File: l3xdvidpfmx.def 2015/03/01 v5544 L3 Experimental driver: xdvipdfmx
))
(C:\apps\latex_portable\miktex-portable-2.9.5105\tex\latex\l3packages\xparse\xp
arse.sty
Package: xparse 2014/11/25 v5471 L3 Experimental document command parser
\l__xparse_current_arg_int=\count174
\l__xparse_m_args_int=\count175
\l__xparse_mandatory_args_int=\count176
\l__xparse_processor_int=\count177
\l__xparse_v_nesting_int=\count178
)
\l_fontspec_script_int=\count179
\l_fontspec_language_int=\count180
\l_fontspec_strnum_int=\count181
\l_fontspec_tmpa_dim=\dimen188
\l_fontspec_tmpb_dim=\dimen189
\l_fontspec_tmpc_dim=\dimen190
Variant \tl_gset:cV already defined; not changing it on line 69

(C:\apps\latex_portable\miktex-portable-2.9.5105\tex\latex\fontspec\fontspec-pa
tches.sty
Package: fontspec-patches 2013/05/20 v2.3c Font selection for XeLaTeX and LuaLa
TeX

(C:\apps\latex_portable\miktex-portable-2.9.5105\tex\latex\base\fixltx2e.sty
Package: fixltx2e 2006/09/13 v1.1m fixes to LaTeX
LaTeX Info: Redefining \em on input line 420.
LaTeX Info: Redefining \textsubscript on input line 424.
LaTeX Info: The control sequence `\[' is already robust on input line 471.
LaTeX Info: The control sequence `\]' is already robust on input line 472.
)
LaTeX Info: Redefining \em on input line 22.
LaTeX Info: Redefining \emph on input line 30.
LaTeX Info: Redefining \- on input line 33.
.................................................
. LaTeX info: "xparse/redefine-command"
. 
. Redefining command \oldstylenums with sig. 'm' on line 128.
.................................................
.................................................
. LaTeX info: "xparse/define-command"
. 
. Defining command \liningnums with sig. 'm' on line 132.
.................................................
)
(C:\apps\latex_portable\miktex-portable-2.9.5105\tex\latex\fontspec\fontspec-xe
tex.sty
Package: fontspec-xetex 2013/05/20 v2.3c Font selection for XeLaTeX and LuaLaTe
X

(C:\apps\latex_portable\miktex-portable-2.9.5105\tex\latex\base\fontenc.sty
Package: fontenc 2005/09/27 v1.99g Standard LaTeX package

(C:\apps\latex_portable\miktex-portable-2.9.5105\tex\latex\euenc\eu1enc.def
File: eu1enc.def 2010/05/27 v0.1h Experimental Unicode font encodings
)
LaTeX Font Info:    Try loading font information for EU1+lmr on input line 100.


(C:\apps\latex_portable\miktex-portable-2.9.5105\tex\latex\euenc\eu1lmr.fd
File: eu1lmr.fd 2009/10/30 v1.6 Font defs for Latin Modern
)
Requested font "[lmroman10-regular]:mapping=tex-text" at 10.0pt
 -> C:/apps/latex_portable/miktex-portable-2.9.5105/fonts/opentype/public/lm/lm
roman10-regular.otf
)
(C:\apps\latex_portable\miktex-portable-2.9.5105\tex\xelatex\xunicode\xunicode.
sty
File: xunicode.sty 2011/09/09 v0.981 provides access to latin accents and many 
other characters in Unicode lower plane

(C:\apps\latex_portable\miktex-portable-2.9.5105\tex\latex\tipa\sty\t3enc.def
File: t3enc.def 2001/12/31 T3 encoding
Requested font "[lmromanslant10-regular]:mapping=tex-text" at 10.0pt
 -> C:/apps/latex_portable/miktex-portable-2.9.5105/fonts/opentype/public/lm/lm
romanslant10-regular.otf
Requested font "[lmroman10-italic]:mapping=tex-text" at 10.0pt
 -> C:/apps/latex_portable/miktex-portable-2.9.5105/fonts/opentype/public/lm/lm
roman10-italic.otf
Requested font "[lmroman10-bold]:mapping=tex-text" at 10.0pt
 -> C:/apps/latex_portable/miktex-portable-2.9.5105/fonts/opentype/public/lm/lm
roman10-bold.otf
LaTeX Font Info:    Try loading font information for EU1+lmss on input line 357
.

(C:\apps\latex_portable\miktex-portable-2.9.5105\tex\latex\euenc\eu1lmss.fd
File: eu1lmss.fd 2009/10/30 v1.6 Font defs for Latin Modern
)
Requested font "[lmsans10-regular]:mapping=tex-text" at 10.0pt
 -> C:/apps/latex_portable/miktex-portable-2.9.5105/fonts/opentype/public/lm/lm
sans10-regular.otf
)
\tipaTiiicode=\count182
\tipasavetokens=\toks27
\tipachecktokens=\toks28

(C:\apps\latex_portable\miktex-portable-2.9.5105\tex\latex\graphics\graphicx.st
y
Package: graphicx 1999/02/16 v1.0f Enhanced LaTeX Graphics (DPC,SPQR)

(C:\apps\latex_portable\miktex-portable-2.9.5105\tex\latex\graphics\keyval.sty
Package: keyval 1999/03/16 v1.13 key=value parser (DPC)
\KV@toks@=\toks29
)
(C:\apps\latex_portable\miktex-portable-2.9.5105\tex\latex\graphics\graphics.st
y
Package: graphics 2009/02/05 v1.0o Standard LaTeX Graphics (DPC,SPQR)
 (C:\apps\latex_portable\miktex-portable-2.9.5105\tex\latex\graphics\trig.sty
Package: trig 1999/03/16 v1.09 sin cos tan (DPC)
)
(C:\apps\latex_portable\miktex-portable-2.9.5105\tex\latex\00miktex\graphics.cf
g
File: graphics.cfg 2007/01/18 v1.5 graphics configuration of teTeX/TeXLive
)
Package graphics Info: Driver file: xetex.def on input line 91.

(C:\apps\latex_portable\miktex-portable-2.9.5105\tex\xelatex\xetex-def\xetex.de
f
File: xetex.def 2014/07/25 v4.03 LaTeX color/graphics driver for XeTeX (RRM/JK)

))
\Gin@req@height=\dimen191
\Gin@req@width=\dimen192
))
.................................................
. LaTeX info: "xparse/define-command"
. 
. Defining command \fontspec with sig. 'O{}m' on line 41.
.................................................
.................................................
. LaTeX info: "xparse/define-command"
. 
. Defining command \setmainfont with sig. 'O{}m' on line 46.
.................................................
.................................................
. LaTeX info: "xparse/define-command"
. 
. Defining command \setsansfont with sig. 'O{}m' on line 51.
.................................................
.................................................
. LaTeX info: "xparse/define-command"
. 
. Defining command \setmonofont with sig. 'O{}m' on line 56.
.................................................
.................................................
. LaTeX info: "xparse/define-command"
. 
. Defining command \setmathrm with sig. 'O{}m' on line 65.
.................................................
.................................................
. LaTeX info: "xparse/define-command"
. 
. Defining command \setboldmathrm with sig. 'O{}m' on line 69.
.................................................
.................................................
. LaTeX info: "xparse/define-command"
. 
. Defining command \setmathsf with sig. 'O{}m' on line 73.
.................................................
.................................................
. LaTeX info: "xparse/define-command"
. 
. Defining command \setmathtt with sig. 'O{}m' on line 77.
.................................................
.................................................
. LaTeX info: "xparse/define-command"
. 
. Defining command \newfontfamily with sig. 'mO{}m' on line 96.
.................................................
.................................................
. LaTeX info: "xparse/define-command"
. 
. Defining command \newfontface with sig. 'mO{}m' on line 100.
.................................................
.................................................
. LaTeX info: "xparse/define-command"
. 
. Defining command \defaultfontfeatures with sig. 'om' on line 108.
.................................................
.................................................
. LaTeX info: "xparse/define-command"
. 
. Defining command \addfontfeatures with sig. 'm' on line 144.
.................................................
.................................................
. LaTeX info: "xparse/define-command"
. 
. Defining command \newfontfeature with sig. 'mm' on line 156.
.................................................
.................................................
. LaTeX info: "xparse/define-command"
. 
. Defining command \newAATfeature with sig. 'mmmm' on line 164.
.................................................
.................................................
. LaTeX info: "xparse/define-command"
. 
. Defining command \newICUfeature with sig. 'mmm' on line 172.
.................................................
.................................................
. LaTeX info: "xparse/define-command"
. 
. Defining command \aliasfontfeature with sig. 'mm' on line 201.
.................................................
.................................................
. LaTeX info: "xparse/define-command"
. 
. Defining command \aliasfontfeatureoption with sig. 'mmm' on line 203.
.................................................
.................................................
. LaTeX info: "xparse/define-command"
. 
. Defining command \newfontscript with sig. 'mm' on line 208.
.................................................
.................................................
. LaTeX info: "xparse/define-command"
. 
. Defining command \newfontlanguage with sig. 'mm' on line 235.
.................................................
.................................................
. LaTeX info: "xparse/define-command"
. 
. Defining command \DeclareFontsExtensions with sig. 'm' on line 256.
.................................................
Variant \prop_gput:cnV already defined; not changing it on line 582
Variant \prop_gput:cnx already defined; not changing it on line 583
\l_fontspec_tmp_int=\count183
LaTeX Info: Redefining \itshape on input line 2087.
LaTeX Info: Redefining \slshape on input line 2092.
LaTeX Info: Redefining \scshape on input line 2097.
LaTeX Info: Redefining \upshape on input line 2102.

(C:\apps\latex_portable\miktex-portable-2.9.5105\tex\latex\fontspec\fontspec.cf
g)))
(C:\apps\latex_portable\miktex-portable-2.9.5105\tex\latex\titlesec\titlesec.st
y
Package: titlesec 2011/12/15 v2.10.0 Sectioning titles
\ttl@box=\box46
\beforetitleunit=\skip194
\aftertitleunit=\skip195
\ttl@plus=\dimen193
\ttl@minus=\dimen194
\ttl@toksa=\toks30
\titlewidth=\dimen195
\titlewidthlast=\dimen196
Normal \dimen register pool exhausted, switching to extended pool.
\titlewidthfirst=\dimen256
) (C:\apps\latex_portable\miktex-portable-2.9.5105\tex\latex\url\url.sty
\Urlmuskip=\muskip17
Package: url 2013/09/16  ver 3.4  Verb mode for urls, etc.
)
(C:\apps\latex_portable\miktex-portable-2.9.5105\tex\latex\mathtools\mathtools.
sty
Package: mathtools 2014/07/16 v1.15 mathematical typesetting tools
 (C:\apps\latex_portable\miktex-portable-2.9.5105\tex\latex\tools\calc.sty
Package: calc 2007/08/22 v4.3 Infix arithmetic (KKT,FJ)
\calc@Acount=\count184
\calc@Bcount=\count185
\calc@Adimen=\dimen257
\calc@Bdimen=\dimen258
\calc@Askip=\skip196
Normal \skip register pool exhausted, switching to extended pool.
\calc@Bskip=\skip256
LaTeX Info: Redefining \setlength on input line 76.
LaTeX Info: Redefining \addtolength on input line 77.
\calc@Ccount=\count186
\calc@Cskip=\skip257
)
(C:\apps\latex_portable\miktex-portable-2.9.5105\tex\latex\mathtools\mhsetup.st
y
Package: mhsetup 2010/01/21 v1.2a programming setup (MH)
)
LaTeX Info: Thecontrolsequence`\('isalreadyrobust on input line 129.
LaTeX Info: Thecontrolsequence`\)'isalreadyrobust on input line 129.
LaTeX Info: Thecontrolsequence`\['isalreadyrobust on input line 129.
LaTeX Info: Thecontrolsequence`\]'isalreadyrobust on input line 129.
\g_MT_multlinerow_int=\count187
\l_MT_multwidth_dim=\dimen259
\origjot=\skip258
\l_MT_shortvdotswithinadjustabove_dim=\dimen260
\l_MT_shortvdotswithinadjustbelow_dim=\dimen261
\l_MT_above_intertext_sep=\dimen262
\l_MT_below_intertext_sep=\dimen263
\l_MT_above_shortintertext_sep=\dimen264
\l_MT_below_shortintertext_sep=\dimen265
)
(C:\apps\latex_portable\miktex-portable-2.9.5105\tex\latex\wallpaper\wallpaper.
sty
Package: wallpaper 2005/01/18, v1.01 easy wallpaper formatting (MHFW)
 (C:\apps\latex_portable\miktex-portable-2.9.5105\tex\latex\base\ifthen.sty
Package: ifthen 2001/05/26 v1.1c Standard LaTeX ifthen package (DPC)
) (C:\apps\latex_portable\miktex-portable-2.9.5105\tex\latex\eso-pic\eso-pic.st
y
Package: eso-pic 2013/10/06 v2.0d eso-pic (RN)

(C:\apps\latex_portable\miktex-portable-2.9.5105\tex\generic\oberdiek\atbegshi.
sty
Package: atbegshi 2011/10/05 v1.16 At begin shipout hook (HO)
)
(C:\apps\latex_portable\miktex-portable-2.9.5105\tex\latex\xcolor\xcolor.sty
Package: xcolor 2007/01/21 v2.11 LaTeX color extensions (UK)

(C:\apps\latex_portable\miktex-portable-2.9.5105\tex\latex\00miktex\color.cfg
File: color.cfg 2007/01/18 v1.5 color configuration of teTeX/TeXLive
)
Package xcolor Info: Driver file: xetex.def on input line 225.
Package xcolor Info: Model `cmy' substituted by `cmy0' on input line 1337.
Package xcolor Info: Model `RGB' extended on input line 1353.
Package xcolor Info: Model `HTML' substituted by `rgb' on input line 1355.
Package xcolor Info: Model `Hsb' substituted by `hsb' on input line 1356.
Package xcolor Info: Model `tHsb' substituted by `hsb' on input line 1357.
Package xcolor Info: Model `HSB' substituted by `hsb' on input line 1358.
Package xcolor Info: Model `Gray' substituted by `gray' on input line 1359.
Package xcolor Info: Model `wave' substituted by `hsb' on input line 1360.
))
\wpXoffset=\skip259
\wpYoffset=\skip260
\tileXoffset=\skip261
\tileYoffset=\skip262
\tilewidth=\skip263
\tileheight=\skip264
\tileX=\skip265
\tileY=\skip266
)
(C:\apps\latex_portable\miktex-portable-2.9.5105\tex\latex\datetime\datetime.st
y
Package: datetime 2013/09/10 v2.59 Date Time Package

(C:\apps\latex_portable\miktex-portable-2.9.5105\tex\latex\etoolbox\etoolbox.st
y
Package: etoolbox 2011/01/03 v2.1 e-TeX tools for LaTeX
\etb@tempcnta=\count188
)
(C:\apps\latex_portable\miktex-portable-2.9.5105\tex\latex\fmtcount\fmtcount.st
y
Package: fmtcount 2014/07/18 v3.00

(C:\apps\latex_portable\miktex-portable-2.9.5105\tex\latex\fmtcount\fcprefix.st
y
Package: fcprefix 2012/09/28

(C:\apps\latex_portable\miktex-portable-2.9.5105\tex\latex\fmtcount\fcnumparser
.sty
Package: fcnumparser 2012/09/28
\fc@digit@counter=\count189
))
\c@padzeroesN=\count190
\fc@tmpcatcode=\count191
\@DT@modctr=\count192
\@ordinalctr=\count193
\@orgargctr=\count194
\@strctr=\count195
\@tmpstrctr=\count196
Normal \count register pool exhausted, switching to extended pool.
\@DT@loopN=\count277
\@DT@X=\count278


Package fmtcount Warning: \ordinal already defined use \FCordinal instead. on i
nput line 489.


(C:\apps\latex_portable\miktex-portable-2.9.5105\tex\latex\fmtcount\fc-english.
def
File: fc-english.def 2013/08/17
))
(C:\apps\latex_portable\miktex-portable-2.9.5105\tex\latex\datetime\datetime-de
faults.sty
Package: datetime-defaults 2013/09/10
)
\@day=\count279
\@month=\count280
\@year=\count281
\c@HOUR=\count282
\c@HOURXII=\count283
\c@MINUTE=\count284
\c@TOHOUR=\count285
\c@TOMINUTE=\count286
\c@SECOND=\count287
\currenthour=\count288
\currentminute=\count289
\currentsecond=\count290
Package datetime Info: No datetime.cfg file found, using default settings on in
put line 308.
\@dtctr=\count291
\dayofyear=\count292
\dayofweek=\count293
LaTeX Info: Redefining \today on input line 736.
\dt@a=\toks31
\dt@b=\toks32
)
(C:\apps\latex_portable\miktex-portable-2.9.5105\tex\latex\listings\listings.st
y
\lst@mode=\count294
\lst@gtempboxa=\box47
\lst@token=\toks33
\lst@length=\count295
\lst@currlwidth=\dimen266
\lst@column=\count296
\lst@pos=\count297
\lst@lostspace=\dimen267
\lst@width=\dimen268
\lst@newlines=\count298
\lst@lineno=\count299
\lst@maxwidth=\dimen269

(C:\apps\latex_portable\miktex-portable-2.9.5105\tex\latex\listings\lstmisc.sty
File: lstmisc.sty 2014/09/06 1.5e (Carsten Heinz)
\c@lstnumber=\count300
\lst@skipnumbers=\count301
\lst@framebox=\box48
)
(C:\apps\latex_portable\miktex-portable-2.9.5105\tex\latex\listings\listings.cf
g
File: listings.cfg 2014/09/06 1.5e listings configuration
))
Package: listings 2014/09/06 1.5e (Carsten Heinz)

(C:\apps\latex_portable\miktex-portable-2.9.5105\tex\latex\hyperref\hyperref.st
y
Package: hyperref 2012/11/06 v6.83m Hypertext links for LaTeX

(C:\apps\latex_portable\miktex-portable-2.9.5105\tex\generic\oberdiek\hobsub-hy
perref.sty
Package: hobsub-hyperref 2012/04/25 v1.12 Bundle oberdiek, subset hyperref (HO)


(C:\apps\latex_portable\miktex-portable-2.9.5105\tex\generic\oberdiek\hobsub-ge
neric.sty
Package: hobsub-generic 2012/04/25 v1.12 Bundle oberdiek, subset generic (HO)
Package: hobsub 2012/04/25 v1.12 Construct package bundles (HO)
Package hobsub Info: Skipping package `infwarerr' (already loaded).
Package hobsub Info: Skipping package `ltxcmds' (already loaded).
Package hobsub Info: Skipping package `ifluatex' (already loaded).
Package: ifvtex 2010/03/01 v1.5 Detect VTeX and its facilities (HO)
Package ifvtex Info: VTeX not detected.
Package: intcalc 2007/09/27 v1.1 Expandable calculations with integers (HO)
Package hobsub Info: Skipping package `ifpdf' (already loaded).
Package: etexcmds 2011/02/16 v1.5 Avoid name clashes with e-TeX commands (HO)
Package etexcmds Info: Could not find \expanded.
(etexcmds)             That can mean that you are not using pdfTeX 1.50 or
(etexcmds)             that some package has redefined \expanded.
(etexcmds)             In the latter case, load this package earlier.
Package: kvsetkeys 2012/04/25 v1.16 Key value parser (HO)
Package: kvdefinekeys 2011/04/07 v1.3 Define keys (HO)
Package hobsub Info: Skipping package `pdftexcmds' (already loaded).
Package: pdfescape 2011/11/25 v1.13 Implements pdfTeX's escape features (HO)
Package: bigintcalc 2012/04/08 v1.3 Expandable calculations on big integers (HO
)
Package: bitset 2011/01/30 v1.1 Handle bit-vector datatype (HO)
Package: uniquecounter 2011/01/30 v1.2 Provide unlimited unique counter (HO)
)
Package hobsub Info: Skipping package `hobsub' (already loaded).
Package: letltxmacro 2010/09/02 v1.4 Let assignment for LaTeX macros (HO)
Package: hopatch 2011/06/24 v1.1 Wrapper for package hooks (HO)
Package: xcolor-patch 2011/01/30 xcolor patch
Package: atveryend 2011/06/30 v1.8 Hooks at the very end of document (HO)
Package hobsub Info: Skipping package `atbegshi' (already loaded).
Package: refcount 2011/10/16 v3.4 Data extraction from label references (HO)
Package: hycolor 2011/01/30 v1.7 Color options for hyperref/bookmark (HO)
)
(C:\apps\latex_portable\miktex-portable-2.9.5105\tex\latex\oberdiek\auxhook.sty
Package: auxhook 2011/03/04 v1.3 Hooks for auxiliary files (HO)
)
(C:\apps\latex_portable\miktex-portable-2.9.5105\tex\latex\oberdiek\kvoptions.s
ty
Package: kvoptions 2011/06/30 v3.11 Key value format for package options (HO)
)
\@linkdim=\dimen270
\Hy@linkcounter=\count302
\Hy@pagecounter=\count303

(C:\apps\latex_portable\miktex-portable-2.9.5105\tex\latex\hyperref\pd1enc.def
File: pd1enc.def 2012/11/06 v6.83m Hyperref: PDFDocEncoding definition (HO)
)
\Hy@SavedSpaceFactor=\count304

(C:\apps\latex_portable\miktex-portable-2.9.5105\tex\latex\00miktex\hyperref.cf
g
File: hyperref.cfg 2002/06/06 v1.2 hyperref configuration of TeXLive
)
Package hyperref Info: Hyper figures OFF on input line 4443.
Package hyperref Info: Link nesting OFF on input line 4448.
Package hyperref Info: Hyper index ON on input line 4451.
Package hyperref Info: Plain pages OFF on input line 4458.
Package hyperref Info: Backreferencing OFF on input line 4463.
Package hyperref Info: Implicit mode ON; LaTeX internals redefined.
Package hyperref Info: Bookmarks ON on input line 4688.
\c@Hy@tempcnt=\count305
LaTeX Info: Redefining \url on input line 5041.
\XeTeXLinkMargin=\dimen271
Requested font "pzdr" at 0.00002pt
\Fld@menulength=\count306
\Field@Width=\dimen272
\Fld@charsize=\dimen273
Package hyperref Info: Hyper figures OFF on input line 6295.
Package hyperref Info: Link nesting OFF on input line 6300.
Package hyperref Info: Hyper index ON on input line 6303.
Package hyperref Info: backreferencing OFF on input line 6310.
Package hyperref Info: Link coloring OFF on input line 6315.
Package hyperref Info: Link coloring with OCG OFF on input line 6320.
Package hyperref Info: PDF/A mode OFF on input line 6325.
LaTeX Info: Redefining \ref on input line 6365.
LaTeX Info: Redefining \pageref on input line 6369.
\Hy@abspage=\count307
\c@Item=\count308
\c@Hfootnote=\count309
)
(C:\apps\latex_portable\miktex-portable-2.9.5105\tex\latex\memoir\memhfixc.sty
Package: memhfixc 2013/05/30 v1.17 nameref/hyperref package fixes for memoir cl
ass
\c@memhycontfloat=\count310
\c@Hpagenote=\count311
)

Package hyperref Message: Driver (autodetected): hxetex.

(C:\apps\latex_portable\miktex-portable-2.9.5105\tex\latex\hyperref\hxetex.def
File: hxetex.def 2012/11/06 v6.83m Hyperref driver for XeTeX

(C:\apps\latex_portable\miktex-portable-2.9.5105\tex\latex\hyperref\puenc.def
File: puenc.def 2012/11/06 v6.83m Hyperref: PDF Unicode definition (HO)
)
(C:\apps\latex_portable\miktex-portable-2.9.5105\tex\generic\oberdiek\stringenc
.sty
Package: stringenc 2011/12/02 v1.10 Convert strings between diff. encodings (HO
)
)
\pdfm@box=\box49
\c@Hy@AnnotLevel=\count312
\HyField@AnnotCount=\count313
\Fld@listcount=\count314
\c@bookmark@seq@number=\count315

(C:\apps\latex_portable\miktex-portable-2.9.5105\tex\latex\oberdiek\rerunfilech
eck.sty
Package: rerunfilecheck 2011/04/15 v1.7 Rerun checks for auxiliary files (HO)
Package rerunfilecheck Info: Feature \pdfmdfivesum is not available
(rerunfilecheck)             (e.g. pdfTeX or LuaTeX with package `pdftexcmds').

(rerunfilecheck)             Therefore file contents cannot be checked efficien
tly
(rerunfilecheck)             and the loading of the package is aborted.
)
\Hy@SectionHShift=\skip267
)
(C:\apps\latex_portable\miktex-portable-2.9.5105\tex\latex\siunits\SIunits.sty
Package: SIunits 2007/12/02 v1.36 Support for the International System of units
 (MH)


\@qskwidth=\skip268
\symgreek=\mathgroup6
(C:\apps\latex_portable\miktex-portable-2.9.5105\tex\latex\siunits\SIunits.cfg)
Option `amssymb' provided!
) (C:\apps\latex_portable\miktex-portable-2.9.5105\tex\latex\mhchem\mhchem.sty
Package: mhchem 2015/02/09 v3.19 for typesetting chemical formulae
\__mhchem_option_version_int=\count316
Variant \str_if_eq:VnTF already defined; not changing it on line 94
\mhchem@arrow@params=\toks34
\mhchem@arrowlength@pgf=\skip269
\mhchem@bondwidth=\skip270
\mhchem@bondheight=\skip271
\mhchem@smallbondwidth@tmpA=\skip272
\mhchem@smallbondwidth@tmpB=\skip273
\mhchem@smallbondwidth=\skip274
\mhchem@prepostscript@tmp@i=\skip275
\mhchem@prepostscript@tmp@ii=\skip276
\mhchem@mathbox@tmp@i=\skip277
\mhchem@mathbox@tmp@ii=\skip278
\mhchem@minispace@tmp=\skip279
\mhchem@option@minussidebearingleft=\skip280
\mhchem@option@minussidebearingright=\skip281
)
(C:\apps\latex_portable\miktex-portable-2.9.5105\tex\latex\pgfplots\pgfplots.st
y
(C:\apps\latex_portable\miktex-portable-2.9.5105\tex\generic\pgfplots\pgfplots.
revision.tex)
Package: pgfplots 2015/01/31 v1.12 Data Visualization (1.12)

(C:\apps\latex_portable\miktex-portable-2.9.5105\tex\latex\pgf\frontendlayer\ti
kz.sty
(C:\apps\latex_portable\miktex-portable-2.9.5105\tex\latex\pgf\basiclayer\pgf.s
ty
(C:\apps\latex_portable\miktex-portable-2.9.5105\tex\latex\pgf\utilities\pgfrcs
.sty
(C:\apps\latex_portable\miktex-portable-2.9.5105\tex\generic\pgf\utilities\pgfu
til-common.tex
\pgfutil@everybye=\toks35
\pgfutil@tempdima=\dimen274
\pgfutil@tempdimb=\dimen275

(C:\apps\latex_portable\miktex-portable-2.9.5105\tex\generic\pgf\utilities\pgfu
til-common-lists.tex))
(C:\apps\latex_portable\miktex-portable-2.9.5105\tex\generic\pgf\utilities\pgfu
til-latex.def
\pgfutil@abb=\box50

(C:\apps\latex_portable\miktex-portable-2.9.5105\tex\latex\ms\everyshi.sty
Package: everyshi 2001/05/15 v3.00 EveryShipout Package (MS)
))
(C:\apps\latex_portable\miktex-portable-2.9.5105\tex\generic\pgf\utilities\pgfr
cs.code.tex
Package: pgfrcs 2013/12/20 v3.0.0 (rcs-revision 1.28)
))
Package: pgf 2013/12/18 v3.0.0 (rcs-revision 1.14)

(C:\apps\latex_portable\miktex-portable-2.9.5105\tex\latex\pgf\basiclayer\pgfco
re.sty
(C:\apps\latex_portable\miktex-portable-2.9.5105\tex\latex\pgf\systemlayer\pgfs
ys.sty
(C:\apps\latex_portable\miktex-portable-2.9.5105\tex\generic\pgf\systemlayer\pg
fsys.code.tex
Package: pgfsys 2013/11/30 v3.0.0 (rcs-revision 1.47)

(C:\apps\latex_portable\miktex-portable-2.9.5105\tex\generic\pgf\utilities\pgfk
eys.code.tex
\pgfkeys@pathtoks=\toks36
\pgfkeys@temptoks=\toks37

(C:\apps\latex_portable\miktex-portable-2.9.5105\tex\generic\pgf\utilities\pgfk
eysfiltered.code.tex
\pgfkeys@tmptoks=\toks38
))
\pgf@x=\dimen276
\pgf@y=\dimen277
\pgf@xa=\dimen278
\pgf@ya=\dimen279
\pgf@xb=\dimen280
\pgf@yb=\dimen281
\pgf@xc=\dimen282
\pgf@yc=\dimen283
\w@pgf@writea=\write4
\r@pgf@reada=\read2
\c@pgf@counta=\count317
\c@pgf@countb=\count318
\c@pgf@countc=\count319
\c@pgf@countd=\count320
\t@pgf@toka=\toks39
\t@pgf@tokb=\toks40
\t@pgf@tokc=\toks41

(C:\apps\latex_portable\miktex-portable-2.9.5105\tex\generic\pgf\systemlayer\pg
f.cfg
File: pgf.cfg 2008/05/14  (rcs-revision 1.7)
)
Driver file for pgf: pgfsys-xetex.def

(C:\apps\latex_portable\miktex-portable-2.9.5105\tex\generic\pgf\systemlayer\pg
fsys-xetex.def
File: pgfsys-xetex.def 2013/07/16  (rcs-revision 1.9)

(C:\apps\latex_portable\miktex-portable-2.9.5105\tex\generic\pgf\systemlayer\pg
fsys-dvipdfmx.def
File: pgfsys-dvipdfmx.def 2013/08/28  (rcs-revision 1.12)

(C:\apps\latex_portable\miktex-portable-2.9.5105\tex\generic\pgf\systemlayer\pg
fsys-common-pdf.def
File: pgfsys-common-pdf.def 2013/10/10  (rcs-revision 1.13)
)
\pgfsys@objnum=\count321
)))
(C:\apps\latex_portable\miktex-portable-2.9.5105\tex\generic\pgf\systemlayer\pg
fsyssoftpath.code.tex
File: pgfsyssoftpath.code.tex 2013/09/09  (rcs-revision 1.9)
\pgfsyssoftpath@smallbuffer@items=\count322
\pgfsyssoftpath@bigbuffer@items=\count323
)
(C:\apps\latex_portable\miktex-portable-2.9.5105\tex\generic\pgf\systemlayer\pg
fsysprotocol.code.tex
File: pgfsysprotocol.code.tex 2006/10/16  (rcs-revision 1.4)
))
(C:\apps\latex_portable\miktex-portable-2.9.5105\tex\generic\pgf\basiclayer\pgf
core.code.tex
Package: pgfcore 2010/04/11 v3.0.0 (rcs-revision 1.7)

(C:\apps\latex_portable\miktex-portable-2.9.5105\tex\generic\pgf\math\pgfmath.c
ode.tex
(C:\apps\latex_portable\miktex-portable-2.9.5105\tex\generic\pgf\math\pgfmathca
lc.code.tex
(C:\apps\latex_portable\miktex-portable-2.9.5105\tex\generic\pgf\math\pgfmathut
il.code.tex)
(C:\apps\latex_portable\miktex-portable-2.9.5105\tex\generic\pgf\math\pgfmathpa
rser.code.tex
\pgfmath@dimen=\dimen284
\pgfmath@count=\count324
\pgfmath@box=\box51
\pgfmath@toks=\toks42
\pgfmath@stack@operand=\toks43
\pgfmath@stack@operation=\toks44
)
(C:\apps\latex_portable\miktex-portable-2.9.5105\tex\generic\pgf\math\pgfmathfu
nctions.code.tex
(C:\apps\latex_portable\miktex-portable-2.9.5105\tex\generic\pgf\math\pgfmathfu
nctions.basic.code.tex)
(C:\apps\latex_portable\miktex-portable-2.9.5105\tex\generic\pgf\math\pgfmathfu
nctions.trigonometric.code.tex)
(C:\apps\latex_portable\miktex-portable-2.9.5105\tex\generic\pgf\math\pgfmathfu
nctions.random.code.tex)
(C:\apps\latex_portable\miktex-portable-2.9.5105\tex\generic\pgf\math\pgfmathfu
nctions.comparison.code.tex)
(C:\apps\latex_portable\miktex-portable-2.9.5105\tex\generic\pgf\math\pgfmathfu
nctions.base.code.tex)
(C:\apps\latex_portable\miktex-portable-2.9.5105\tex\generic\pgf\math\pgfmathfu
nctions.round.code.tex)
(C:\apps\latex_portable\miktex-portable-2.9.5105\tex\generic\pgf\math\pgfmathfu
nctions.misc.code.tex)
(C:\apps\latex_portable\miktex-portable-2.9.5105\tex\generic\pgf\math\pgfmathfu
nctions.integerarithmetics.code.tex)))
(C:\apps\latex_portable\miktex-portable-2.9.5105\tex\generic\pgf\math\pgfmathfl
oat.code.tex
\c@pgfmathroundto@lastzeros=\count325
))
(C:\apps\latex_portable\miktex-portable-2.9.5105\tex\generic\pgf\basiclayer\pgf
corepoints.code.tex
File: pgfcorepoints.code.tex 2013/10/07  (rcs-revision 1.27)
\pgf@picminx=\dimen285
\pgf@picmaxx=\dimen286
\pgf@picminy=\dimen287
\pgf@picmaxy=\dimen288
\pgf@pathminx=\dimen289
\pgf@pathmaxx=\dimen290
\pgf@pathminy=\dimen291
\pgf@pathmaxy=\dimen292
\pgf@xx=\dimen293
\pgf@xy=\dimen294
\pgf@yx=\dimen295
\pgf@yy=\dimen296
\pgf@zx=\dimen297
\pgf@zy=\dimen298
)
(C:\apps\latex_portable\miktex-portable-2.9.5105\tex\generic\pgf\basiclayer\pgf
corepathconstruct.code.tex
File: pgfcorepathconstruct.code.tex 2013/10/07  (rcs-revision 1.29)
\pgf@path@lastx=\dimen299
\pgf@path@lasty=\dimen300
)
(C:\apps\latex_portable\miktex-portable-2.9.5105\tex\generic\pgf\basiclayer\pgf
corepathusage.code.tex
File: pgfcorepathusage.code.tex 2013/12/13  (rcs-revision 1.23)
\pgf@shorten@end@additional=\dimen301
\pgf@shorten@start@additional=\dimen302
)
(C:\apps\latex_portable\miktex-portable-2.9.5105\tex\generic\pgf\basiclayer\pgf
corescopes.code.tex
File: pgfcorescopes.code.tex 2013/10/09  (rcs-revision 1.44)
\pgfpic=\box52
\pgf@hbox=\box53
\pgf@layerbox@main=\box54
\pgf@picture@serial@count=\count326
)
(C:\apps\latex_portable\miktex-portable-2.9.5105\tex\generic\pgf\basiclayer\pgf
coregraphicstate.code.tex
File: pgfcoregraphicstate.code.tex 2013/09/19  (rcs-revision 1.11)
\pgflinewidth=\dimen303
)
(C:\apps\latex_portable\miktex-portable-2.9.5105\tex\generic\pgf\basiclayer\pgf
coretransformations.code.tex
File: pgfcoretransformations.code.tex 2013/10/10  (rcs-revision 1.17)
\pgf@pt@x=\dimen304
\pgf@pt@y=\dimen305
\pgf@pt@temp=\dimen306
)
(C:\apps\latex_portable\miktex-portable-2.9.5105\tex\generic\pgf\basiclayer\pgf
corequick.code.tex
File: pgfcorequick.code.tex 2008/10/09  (rcs-revision 1.3)
)
(C:\apps\latex_portable\miktex-portable-2.9.5105\tex\generic\pgf\basiclayer\pgf
coreobjects.code.tex
File: pgfcoreobjects.code.tex 2006/10/11  (rcs-revision 1.2)
)
(C:\apps\latex_portable\miktex-portable-2.9.5105\tex\generic\pgf\basiclayer\pgf
corepathprocessing.code.tex
File: pgfcorepathprocessing.code.tex 2013/09/09  (rcs-revision 1.9)
)
(C:\apps\latex_portable\miktex-portable-2.9.5105\tex\generic\pgf\basiclayer\pgf
corearrows.code.tex
File: pgfcorearrows.code.tex 2013/11/07  (rcs-revision 1.40)
\pgfarrowsep=\dimen307
)
(C:\apps\latex_portable\miktex-portable-2.9.5105\tex\generic\pgf\basiclayer\pgf
coreshade.code.tex
File: pgfcoreshade.code.tex 2013/07/15  (rcs-revision 1.15)
\pgf@max=\dimen308
\pgf@sys@shading@range@num=\count327
)
(C:\apps\latex_portable\miktex-portable-2.9.5105\tex\generic\pgf\basiclayer\pgf
coreimage.code.tex
File: pgfcoreimage.code.tex 2013/07/15  (rcs-revision 1.18)

(C:\apps\latex_portable\miktex-portable-2.9.5105\tex\generic\pgf\basiclayer\pgf
coreexternal.code.tex
File: pgfcoreexternal.code.tex 2013/07/15  (rcs-revision 1.20)
\pgfexternal@startupbox=\box55
))
(C:\apps\latex_portable\miktex-portable-2.9.5105\tex\generic\pgf\basiclayer\pgf
corelayers.code.tex
File: pgfcorelayers.code.tex 2013/07/18  (rcs-revision 1.7)
)
(C:\apps\latex_portable\miktex-portable-2.9.5105\tex\generic\pgf\basiclayer\pgf
coretransparency.code.tex
File: pgfcoretransparency.code.tex 2013/09/30  (rcs-revision 1.5)
)
(C:\apps\latex_portable\miktex-portable-2.9.5105\tex\generic\pgf\basiclayer\pgf
corepatterns.code.tex
File: pgfcorepatterns.code.tex 2013/11/07  (rcs-revision 1.5)
)))
(C:\apps\latex_portable\miktex-portable-2.9.5105\tex\generic\pgf\modules\pgfmod
uleshapes.code.tex
File: pgfmoduleshapes.code.tex 2013/10/31  (rcs-revision 1.34)
\pgfnodeparttextbox=\box56
)
(C:\apps\latex_portable\miktex-portable-2.9.5105\tex\generic\pgf\modules\pgfmod
uleplot.code.tex
File: pgfmoduleplot.code.tex 2013/07/31  (rcs-revision 1.12)
)
(C:\apps\latex_portable\miktex-portable-2.9.5105\tex\latex\pgf\compatibility\pg
fcomp-version-0-65.sty
Package: pgfcomp-version-0-65 2007/07/03 v3.0.0 (rcs-revision 1.7)
\pgf@nodesepstart=\dimen309
\pgf@nodesepend=\dimen310
)
(C:\apps\latex_portable\miktex-portable-2.9.5105\tex\latex\pgf\compatibility\pg
fcomp-version-1-18.sty
Package: pgfcomp-version-1-18 2007/07/23 v3.0.0 (rcs-revision 1.1)
))
(C:\apps\latex_portable\miktex-portable-2.9.5105\tex\latex\pgf\utilities\pgffor
.sty
(C:\apps\latex_portable\miktex-portable-2.9.5105\tex\latex\pgf\utilities\pgfkey
s.sty
(C:\apps\latex_portable\miktex-portable-2.9.5105\tex\generic\pgf\utilities\pgfk
eys.code.tex))
(C:\apps\latex_portable\miktex-portable-2.9.5105\tex\latex\pgf\math\pgfmath.sty

(C:\apps\latex_portable\miktex-portable-2.9.5105\tex\generic\pgf\math\pgfmath.c
ode.tex))
(C:\apps\latex_portable\miktex-portable-2.9.5105\tex\generic\pgf\utilities\pgff
or.code.tex
Package: pgffor 2013/12/13 v3.0.0 (rcs-revision 1.25)

(C:\apps\latex_portable\miktex-portable-2.9.5105\tex\generic\pgf\math\pgfmath.c
ode.tex)
\pgffor@iter=\dimen311
\pgffor@skip=\dimen312
\pgffor@stack=\toks45
\pgffor@toks=\toks46
))
(C:\apps\latex_portable\miktex-portable-2.9.5105\tex\generic\pgf\frontendlayer\
tikz\tikz.code.tex
Package: tikz 2013/12/13 v3.0.0 (rcs-revision 1.142)

(C:\apps\latex_portable\miktex-portable-2.9.5105\tex\generic\pgf\libraries\pgfl
ibraryplothandlers.code.tex
File: pgflibraryplothandlers.code.tex 2013/08/31 v3.0.0 (rcs-revision 1.20)
\pgf@plot@mark@count=\count328
\pgfplotmarksize=\dimen313
)
\tikz@lastx=\dimen314
\tikz@lasty=\dimen315
\tikz@lastxsaved=\dimen316
\tikz@lastysaved=\dimen317
\tikzleveldistance=\dimen318
\tikzsiblingdistance=\dimen319
\tikz@figbox=\box57
\tikz@figbox@bg=\box58
\tikz@tempbox=\box59
\tikz@tempbox@bg=\box60
\tikztreelevel=\count329
\tikznumberofchildren=\count330
\tikznumberofcurrentchild=\count331
\tikz@fig@count=\count332

(C:\apps\latex_portable\miktex-portable-2.9.5105\tex\generic\pgf\modules\pgfmod
ulematrix.code.tex
File: pgfmodulematrix.code.tex 2013/09/17  (rcs-revision 1.8)
\pgfmatrixcurrentrow=\count333
\pgfmatrixcurrentcolumn=\count334
\pgf@matrix@numberofcolumns=\count335
)
\tikz@expandcount=\count336

(C:\apps\latex_portable\miktex-portable-2.9.5105\tex\generic\pgf\frontendlayer\
tikz\libraries\tikzlibrarytopaths.code.tex
File: tikzlibrarytopaths.code.tex 2008/06/17 v3.0.0 (rcs-revision 1.2)
)))
(C:\apps\latex_portable\miktex-portable-2.9.5105\tex\generic\pgfplots\pgfplots.
code.tex
(C:\apps\latex_portable\miktex-portable-2.9.5105\tex\generic\pgfplots\pgfplotsc
ore.code.tex
\t@pgfplots@toka=\toks47
\t@pgfplots@tokb=\toks48
\t@pgfplots@tokc=\toks49
\pgfplots@tmpa=\dimen320
\c@pgfplots@coordindex=\count337
\c@pgfplots@scanlineindex=\count338

(C:\apps\latex_portable\miktex-portable-2.9.5105\tex\generic\pgfplots\sys\pgfpl
otssysgeneric.code.tex))
(C:\apps\latex_portable\miktex-portable-2.9.5105\tex\generic\pgfplots\libs\pgfp
lotslibrary.code.tex)
(C:\apps\latex_portable\miktex-portable-2.9.5105\tex\generic\pgfplots\oldpgfcom
patib\pgfplotsoldpgfsupp_loader.code.tex
(C:\apps\latex_portable\miktex-portable-2.9.5105\tex\generic\pgf\libraries\pgfl
ibraryfpu.code.tex)
Package pgfplots: loading complementary arithmetics for your pgf version...

(C:\apps\latex_portable\miktex-portable-2.9.5105\tex\generic\pgfplots\oldpgfcom
patib\pgfplotsoldpgfsupp_pgflibraryfpu.code.tex)
(C:\apps\latex_portable\miktex-portable-2.9.5105\tex\generic\pgfplots\oldpgfcom
patib\pgfplotsoldpgfsupp_pgfmathfloat.code.tex
\c@pgfmathroundto@lastzeros=\count339
)
(C:\apps\latex_portable\miktex-portable-2.9.5105\tex\generic\pgfplots\oldpgfcom
patib\pgfplotsoldpgfsupp_trig_format.code.tex))
(C:\apps\latex_portable\miktex-portable-2.9.5105\tex\generic\pgfplots\util\pgfp
lotsutil.code.tex
(C:\apps\latex_portable\miktex-portable-2.9.5105\tex\generic\pgfplots\liststruc
ture\pgfplotsliststructure.code.tex)
(C:\apps\latex_portable\miktex-portable-2.9.5105\tex\generic\pgfplots\liststruc
ture\pgfplotsliststructureext.code.tex)
(C:\apps\latex_portable\miktex-portable-2.9.5105\tex\generic\pgfplots\liststruc
ture\pgfplotsarray.code.tex
\c@pgfplotsarray@tmp=\count340
)
(C:\apps\latex_portable\miktex-portable-2.9.5105\tex\generic\pgfplots\liststruc
ture\pgfplotsmatrix.code.tex)
(C:\apps\latex_portable\miktex-portable-2.9.5105\tex\generic\pgfplots\numtable\
pgfplotstableshared.code.tex
\c@pgfplotstable@counta=\count341
\t@pgfplotstable@a=\toks50
)
(C:\apps\latex_portable\miktex-portable-2.9.5105\tex\generic\pgfplots\liststruc
ture\pgfplotsdeque.code.tex)
(C:\apps\latex_portable\miktex-portable-2.9.5105\tex\generic\pgfplots\util\pgfp
lotsbinary.code.tex
(C:\apps\latex_portable\miktex-portable-2.9.5105\tex\generic\pgfplots\util\pgfp
lotsbinary.data.code.tex))
(C:\apps\latex_portable\miktex-portable-2.9.5105\tex\generic\pgfplots\util\pgfp
lotsutil.verb.code.tex)
(C:\apps\latex_portable\miktex-portable-2.9.5105\tex\generic\pgfplots\libs\pgfl
ibrarypgfplots.surfshading.code.tex
\c@pgfplotslibrarysurf@no=\count342

(C:\apps\latex_portable\miktex-portable-2.9.5105\tex\generic\pgfplots\sys\pgfli
brarypgfplots.surfshading.pgfsys-xetex.def
(C:\apps\latex_portable\miktex-portable-2.9.5105\tex\generic\pgfplots\sys\pgfli
brarypgfplots.surfshading.pgfsys-dvipdfmx.def
\c@pgfplotslibrarysurf@streamlen=\count343
))))
(C:\apps\latex_portable\miktex-portable-2.9.5105\tex\generic\pgfplots\util\pgfp
lotscolormap.code.tex
(C:\apps\latex_portable\miktex-portable-2.9.5105\tex\generic\pgfplots\util\pgfp
lotscolor.code.tex))
(C:\apps\latex_portable\miktex-portable-2.9.5105\tex\generic\pgfplots\pgfplotss
tackedplots.code.tex)
(C:\apps\latex_portable\miktex-portable-2.9.5105\tex\generic\pgfplots\pgfplotsp
lothandlers.code.tex
(C:\apps\latex_portable\miktex-portable-2.9.5105\tex\generic\pgfplots\pgfplotsm
eshplothandler.code.tex))
(C:\apps\latex_portable\miktex-portable-2.9.5105\tex\generic\pgfplots\pgfplots.
scaling.code.tex)
(C:\apps\latex_portable\miktex-portable-2.9.5105\tex\generic\pgfplots\pgfplotsc
oordprocessing.code.tex)
(C:\apps\latex_portable\miktex-portable-2.9.5105\tex\generic\pgfplots\pgfplots.
errorbars.code.tex)
(C:\apps\latex_portable\miktex-portable-2.9.5105\tex\generic\pgfplots\pgfplots.
markers.code.tex)
(C:\apps\latex_portable\miktex-portable-2.9.5105\tex\generic\pgfplots\pgfplotst
icks.code.tex)
(C:\apps\latex_portable\miktex-portable-2.9.5105\tex\generic\pgfplots\pgfplots.
paths.code.tex)
(C:\apps\latex_portable\miktex-portable-2.9.5105\tex\generic\pgf\frontendlayer\
tikz\libraries\tikzlibrarydecorations.code.tex
(C:\apps\latex_portable\miktex-portable-2.9.5105\tex\generic\pgf\modules\pgfmod
uledecorations.code.tex
\pgfdecoratedcompleteddistance=\dimen321
\pgfdecoratedremainingdistance=\dimen322
\pgfdecoratedinputsegmentcompleteddistance=\dimen323
\pgfdecoratedinputsegmentremainingdistance=\dimen324
\pgf@decorate@distancetomove=\dimen325
\pgf@decorate@repeatstate=\count344
\pgfdecorationsegmentamplitude=\dimen326
\pgfdecorationsegmentlength=\dimen327
)
\tikz@lib@dec@box=\box61
)
(C:\apps\latex_portable\miktex-portable-2.9.5105\tex\generic\pgf\frontendlayer\
tikz\libraries\tikzlibrarydecorations.pathmorphing.code.tex
(C:\apps\latex_portable\miktex-portable-2.9.5105\tex\generic\pgf\libraries\deco
rations\pgflibrarydecorations.pathmorphing.code.tex))
(C:\apps\latex_portable\miktex-portable-2.9.5105\tex\generic\pgf\frontendlayer\
tikz\libraries\tikzlibrarydecorations.pathreplacing.code.tex
(C:\apps\latex_portable\miktex-portable-2.9.5105\tex\generic\pgf\libraries\deco
rations\pgflibrarydecorations.pathreplacing.code.tex))
\pgfplots@numplots=\count345
\pgfplots@xmin@reg=\dimen328
\pgfplots@xmax@reg=\dimen329
\pgfplots@ymin@reg=\dimen330
\pgfplots@ymax@reg=\dimen331
\pgfplots@zmin@reg=\dimen332
\pgfplots@zmax@reg=\dimen333
)
(C:\apps\latex_portable\miktex-portable-2.9.5105\tex\generic\pgf\frontendlayer\
tikz\libraries\tikzlibraryplotmarks.code.tex
File: tikzlibraryplotmarks.code.tex 2008/01/09 v3.0.0 (rcs-revision 1.1)

(C:\apps\latex_portable\miktex-portable-2.9.5105\tex\generic\pgf\libraries\pgfl
ibraryplotmarks.code.tex
File: pgflibraryplotmarks.code.tex 2013/07/20 v3.0.0 (rcs-revision 1.13)
)))
(C:\apps\latex_portable\miktex-portable-2.9.5105\tex\latex\pgfplots\pgfplotstab
le.sty
(C:\apps\latex_portable\miktex-portable-2.9.5105\tex\generic\pgfplots\pgfplots.
revision.tex)
Package: pgfplotstable 2015/01/31 v1.12 Table typesetting and Pretty-printing (
1.12)

(C:\apps\latex_portable\miktex-portable-2.9.5105\tex\generic\pgfplots\numtable\
pgfplotstable.code.tex
(C:\apps\latex_portable\miktex-portable-2.9.5105\tex\generic\pgfplots\numtable\
pgfplotstable.coltype.code.tex)))
(C:\apps\latex_portable\miktex-portable-2.9.5105\tex\generic\pgf\frontendlayer\
tikz\libraries\tikzlibraryshapes.geometric.code.tex
File: tikzlibraryshapes.geometric.code.tex 2008/01/09 v3.0.0 (rcs-revision 1.1)


(C:\apps\latex_portable\miktex-portable-2.9.5105\tex\generic\pgf\libraries\shap
es\pgflibraryshapes.geometric.code.tex
File: pgflibraryshapes.geometric.code.tex 2008/06/26 v3.0.0 (rcs-revision 1.1)
))
(C:\apps\latex_portable\miktex-portable-2.9.5105\tex\generic\pgf\frontendlayer\
tikz\libraries\tikzlibraryarrows.code.tex
File: tikzlibraryarrows.code.tex 2008/01/09 v3.0.0 (rcs-revision 1.1)

(C:\apps\latex_portable\miktex-portable-2.9.5105\tex\generic\pgf\libraries\pgfl
ibraryarrows.code.tex
File: pgflibraryarrows.code.tex 2013/09/23 v3.0.0 (rcs-revision 1.16)
\arrowsize=\dimen334
))
(C:\apps\latex_portable\miktex-portable-2.9.5105\tex\latex\enumitem\enumitem.st
y
Package: enumitem 2011/09/28 v3.5.2 Customized lists
\labelindent=\skip282
\enit@outerparindent=\dimen335
\enit@toks=\toks51
\enit@inbox=\box62
\enitdp@description=\count346
)
(C:\apps\latex_portable\miktex-portable-2.9.5105\tex\latex\tools\varioref.sty
Package: varioref 2011/10/02 v1.4z package for extended references (FMi)
\c@vrcnt=\count347
)
(C:\apps\latex_portable\miktex-portable-2.9.5105\tex\latex\setspace\setspace.st
y
Package: setspace 2011/12/19 v6.7a set line spacing
) (C:\apps\latex_portable\miktex-portable-2.9.5105\tex\latex\ulem\ulem.sty
\UL@box=\box63
\UL@hyphenbox=\box64
\UL@skip=\skip283
\UL@hook=\toks52
\UL@height=\dimen336
\UL@pe=\count348
\UL@pixel=\dimen337
\ULC@box=\box65
Requested font "lasy6" scaled 1000
Package: ulem 2012/05/18
\ULdepth=\dimen338
)
(C:\apps\latex_portable\miktex-portable-2.9.5105\tex\latex\eurosym\eurosym.sty
Package: eurosym 1998/08/06 v1.1 European currency symbol ``Euro''
\@eurobox=\box66
)
(C:\apps\latex_portable\miktex-portable-2.9.5105\tex\latex\totcount\totcount.st
y
Package: totcount 2011/01/25 v1.2 package for gettingthe total value of LaTeX c
ounters
)

Class memoir Warning: You are using the caption package with the memoir class. 
To prepare we will now reset all captioning macros and configurations to kernel
 defaults, and then let the caption package take over. Please remember to use t
he caption package interfaces in order to configure your captions. .

(C:\apps\latex_portable\miktex-portable-2.9.5105\tex\latex\caption\caption.sty
Package: caption 2013/05/02 v3.3-89 Customizing captions (AR)

(C:\apps\latex_portable\miktex-portable-2.9.5105\tex\latex\caption\caption3.sty
Package: caption3 2013/05/02 v1.6-88 caption3 kernel (AR)
Package caption3 Info: TeX engine: e-TeX on input line 57.
\captionmargin=\dimen339
\captionmargin@=\dimen340
\captionwidth=\dimen341
\caption@tempdima=\dimen342
\caption@indent=\dimen343
\caption@parindent=\dimen344
\caption@hangindent=\dimen345
)
\c@ContinuedFloat=\count349
Package caption Info: hyperref package is loaded.
Package caption Info: listings package is loaded.
)
\g__file_internal_ior=\read3
Requested font "[LiberationSans-Regular.ttf]/ICU" at 10.0pt
 -> C:/Users/celsius/Desktop/current/LiberationSans-Regular.ttf
\g_fontspec_family_LiberationSans-Regular.ttf_int=\count350
Requested font "[LiberationSans-Bold.ttf]/ICU" at 10.0pt
 -> C:/Users/celsius/Desktop/current/LiberationSans-Bold.ttf
Requested font "[LiberationSans-Italic.ttf]/ICU" at 10.0pt
 -> C:/Users/celsius/Desktop/current/LiberationSans-Italic.ttf
Requested font "[LiberationSans-BoldItalic.ttf]/ICU" at 10.0pt
 -> C:/Users/celsius/Desktop/current/LiberationSans-BoldItalic.ttf
.................................................
. fontspec info: "defining-font"
. 
. Font family 'LiberationSans-Regular.ttf(0)' created for font
. 'LiberationSans-Regular.ttf' with options [BoldFont=LiberationSans-Bold.ttf,
. ItalicFont=LiberationSans-Italic.ttf,
. BoldItalicFont=LiberationSans-BoldItalic.ttf].
. 
. This font family consists of the following shapes:
. 
. * 'normal' with NFSS spec.:
. <->"[LiberationSans-Regular.ttf]/ICU:script=latn;language=DFLT;"
. 
. * 'bold' with NFSS spec.:
. <->"[LiberationSans-Bold.ttf]/ICU:script=latn;language=DFLT;"
. 
. * 'italic' with NFSS spec.:
. <->"[LiberationSans-Italic.ttf]/ICU:script=latn;language=DFLT;"
. 
. * 'bold italic' with NFSS spec.:
. <->"[LiberationSans-BoldItalic.ttf]/ICU:script=latn;language=DFLT;"
.................................................
Requested font "[LiberationSans-Regular.ttf]/ICU:script=latn;language=DFLT;" at
 10.0pt
 -> C:/Users/celsius/Desktop/current/LiberationSans-Regular.ttf

(C:\apps\latex_portable\miktex-portable-2.9.5105\tex\latex\geometry\geometry.st
y
Package: geometry 2010/09/12 v5.6 Page Geometry
\Gm@cnth=\count351
\Gm@cntv=\count352
\c@Gm@tempcnt=\count353
\Gm@bindingoffset=\dimen346
\Gm@wd@mp=\dimen347
\Gm@odd@mp=\dimen348
\Gm@even@mp=\dimen349
\Gm@layoutwidth=\dimen350
\Gm@layoutheight=\dimen351
\Gm@layouthoffset=\dimen352
\Gm@layoutvoffset=\dimen353
\Gm@dimlist=\toks53

(C:\apps\latex_portable\miktex-portable-2.9.5105\tex\xelatex\xetexconfig\geomet
ry.cfg))
\c@chapter@totc=\count354
 (C:\Users\celsius\Desktop\current\thesis.aux
\c@appx1@totc=\count355
)
LaTeX Font Info:    Checking defaults for OML/cmm/m/it on input line 278.
LaTeX Font Info:    ... okay on input line 278.
LaTeX Font Info:    Checking defaults for T1/cmr/m/n on input line 278.
LaTeX Font Info:    ... okay on input line 278.
LaTeX Font Info:    Checking defaults for OT1/cmr/m/n on input line 278.
LaTeX Font Info:    ... okay on input line 278.
LaTeX Font Info:    Checking defaults for OMS/cmsy/m/n on input line 278.
LaTeX Font Info:    ... okay on input line 278.
LaTeX Font Info:    Checking defaults for OMX/cmex/m/n on input line 278.
LaTeX Font Info:    ... okay on input line 278.
LaTeX Font Info:    Checking defaults for U/cmr/m/n on input line 278.
LaTeX Font Info:    ... okay on input line 278.
LaTeX Font Info:    Checking defaults for T2A/cmr/m/n on input line 278.
LaTeX Font Info:    ... okay on input line 278.
LaTeX Font Info:    Checking defaults for EU1/lmr/m/n on input line 278.
LaTeX Font Info:    ... okay on input line 278.
LaTeX Font Info:    Checking defaults for T3/cmr/m/n on input line 278.
LaTeX Font Info:    Try loading font information for T3+cmr on input line 278.

(C:\apps\latex_portable\miktex-portable-2.9.5105\tex\latex\tipa\sty\t3cmr.fd
File: t3cmr.fd 2001/12/31 TIPA font definitions
)
LaTeX Font Info:    ... okay on input line 278.
LaTeX Font Info:    Checking defaults for PD1/pdf/m/n on input line 278.
LaTeX Font Info:    ... okay on input line 278.
LaTeX Font Info:    Checking defaults for PU/pdf/m/n on input line 278.
LaTeX Font Info:    ... okay on input line 278.
LaTeX Font Info:    Checking defaults for TS1/cmr/m/n on input line 278.
LaTeX Font Info:    Try loading font information for TS1+cmr on input line 278.


(C:\apps\latex_portable\miktex-portable-2.9.5105\tex\latex\base\ts1cmr.fd
File: ts1cmr.fd 1999/05/25 v2.5h Standard LaTeX font definitions
)
LaTeX Font Info:    ... okay on input line 278.
Requested font "[LiberationSans-Regular.ttf]/ICU:script=latn;language=DFLT;" at
 10.95pt
 -> C:/Users/celsius/Desktop/current/LiberationSans-Regular.ttf
.................................................
. fontspec info: "setup-math"
. 
. Adjusting the maths setup (use [no-math] to avoid this).
.................................................
\symlegacymaths=\mathgroup7
LaTeX Font Info:    Overwriting symbol font `legacymaths' in version `bold'
(Font)                  OT1/cmr/m/n --> OT1/cmr/bx/n on input line 278.
LaTeX Font Info:    Redeclaring math accent \acute on input line 278.
LaTeX Font Info:    Redeclaring math accent \grave on input line 278.
LaTeX Font Info:    Redeclaring math accent \ddot on input line 278.
LaTeX Font Info:    Redeclaring math accent \tilde on input line 278.
LaTeX Font Info:    Redeclaring math accent \bar on input line 278.
LaTeX Font Info:    Redeclaring math accent \breve on input line 278.
LaTeX Font Info:    Redeclaring math accent \check on input line 278.
LaTeX Font Info:    Redeclaring math accent \hat on input line 278.
LaTeX Font Info:    Redeclaring math accent \dot on input line 278.
LaTeX Font Info:    Redeclaring math accent \mathring on input line 278.
LaTeX Font Info:    Redeclaring math symbol \Gamma on input line 278.
LaTeX Font Info:    Redeclaring math symbol \Delta on input line 278.
LaTeX Font Info:    Redeclaring math symbol \Theta on input line 278.
LaTeX Font Info:    Redeclaring math symbol \Lambda on input line 278.
LaTeX Font Info:    Redeclaring math symbol \Xi on input line 278.
LaTeX Font Info:    Redeclaring math symbol \Pi on input line 278.
LaTeX Font Info:    Redeclaring math symbol \Sigma on input line 278.
LaTeX Font Info:    Redeclaring math symbol \Upsilon on input line 278.
LaTeX Font Info:    Redeclaring math symbol \Phi on input line 278.
LaTeX Font Info:    Redeclaring math symbol \Psi on input line 278.
LaTeX Font Info:    Redeclaring math symbol \Omega on input line 278.
LaTeX Font Info:    Redeclaring math symbol \mathdollar on input line 278.
LaTeX Font Info:    Redeclaring symbol font `operators' on input line 278.
LaTeX Font Info:    Encoding `OT1' has changed to `EU1' for symbol font
(Font)              `operators' in the math version `normal' on input line 278.

LaTeX Font Info:    Overwriting symbol font `operators' in version `normal'
(Font)                  OT1/cmr/m/n --> EU1/LiberationSans-Regular.ttf(0)/m/n o
n input line 278.
LaTeX Font Info:    Encoding `OT1' has changed to `EU1' for symbol font
(Font)              `operators' in the math version `bold' on input line 278.
LaTeX Font Info:    Overwriting symbol font `operators' in version `bold'
(Font)                  OT1/cmr/bx/n --> EU1/LiberationSans-Regular.ttf(0)/m/n 
on input line 278.
LaTeX Font Info:    Overwriting symbol font `operators' in version `normal'
(Font)                  EU1/LiberationSans-Regular.ttf(0)/m/n --> EU1/Liberatio
nSans-Regular.ttf(0)/m/n on input line 278.
LaTeX Font Info:    Overwriting math alphabet `\mathrm' in version `normal'
(Font)                  EU1/LiberationSans-Regular.ttf(0)/m/n --> EU1/Liberatio
nSans-Regular.ttf(0)/m/n on input line 278.
LaTeX Font Info:    Overwriting math alphabet `\mathit' in version `normal'
(Font)                  OT1/cmr/m/it --> EU1/LiberationSans-Regular.ttf(0)/m/it
 on input line 278.
LaTeX Font Info:    Overwriting math alphabet `\mathbf' in version `normal'
(Font)                  OT1/cmr/bx/n --> EU1/LiberationSans-Regular.ttf(0)/bx/n
 on input line 278.
LaTeX Font Info:    Overwriting math alphabet `\mathsf' in version `normal'
(Font)                  OT1/cmss/m/n --> EU1/lmss/m/n on input line 278.
LaTeX Font Info:    Overwriting math alphabet `\mathtt' in version `normal'
(Font)                  OT1/cmtt/m/n --> EU1/lmtt/m/n on input line 278.
LaTeX Font Info:    Overwriting symbol font `operators' in version `bold'
(Font)                  EU1/LiberationSans-Regular.ttf(0)/m/n --> EU1/Liberatio
nSans-Regular.ttf(0)/bx/n on input line 278.
LaTeX Font Info:    Overwriting math alphabet `\mathrm' in version `bold'
(Font)                  EU1/LiberationSans-Regular.ttf(0)/m/n --> EU1/Liberatio
nSans-Regular.ttf(0)/bx/n on input line 278.
LaTeX Font Info:    Overwriting math alphabet `\mathit' in version `bold'
(Font)                  OT1/cmr/bx/it --> EU1/LiberationSans-Regular.ttf(0)/bx/
it on input line 278.
LaTeX Font Info:    Overwriting math alphabet `\mathsf' in version `bold'
(Font)                  OT1/cmss/bx/n --> EU1/lmss/bx/n on input line 278.
LaTeX Font Info:    Overwriting math alphabet `\mathtt' in version `bold'
(Font)                  OT1/cmtt/m/n --> EU1/lmtt/bx/n on input line 278.
\AtBeginShipoutBox=\box67
\c@lstlisting=\count356
Package hyperref Info: Link coloring OFF on input line 278.

(C:\apps\latex_portable\miktex-portable-2.9.5105\tex\latex\hyperref\nameref.sty
Package: nameref 2012/10/27 v2.43 Cross-referencing by name of section

(C:\apps\latex_portable\miktex-portable-2.9.5105\tex\generic\oberdiek\gettitles
tring.sty
Package: gettitlestring 2010/12/03 v1.4 Cleanup title references (HO)
)
\c@section@level=\count357
LaTeX Info: Redefining \Ref on input line 513.
)
Redoing nameref's sectioning
Redoing nameref's label
LaTeX Info: Redefining \nameref on input line 278.
LaTeX Info: Redefining \ref on input line 278.
LaTeX Info: Redefining \pageref on input line 278.
LaTeX Info: Redefining \nameref on input line 278.
(C:\Users\celsius\Desktop\current\thesis.out)
(C:\Users\celsius\Desktop\current\thesis.out)
\@outlinefile=\write5
LaTeX Info: Redefining \Ref on input line 278.

Option `amssymb' provided! 
 Command \square redefined by SIunits package!

ABD: EveryShipout initializing macros

Package pgfplots Warning: running in backwards compatibility mode (unsuitable t
ick labels; missing features). Consider writing \pgfplotsset{compat=1.12} into 
your preamble.
 on input line 278.

Package caption Info: Begin \AtBeginDocument code.
Package caption Info: End \AtBeginDocument code.
*geometry* detected driver: pdftex
*geometry* verbose mode - [ preamble ] result:
* driver: pdftex
* paper: a4paper
* layout: <same size as paper>
* layoutoffset:(h,v)=(0.0pt,0.0pt)
* modes: 
* h-part:(L,W,R)=(113.81102pt, 426.79135pt, 56.9055pt)
* v-part:(T,H,B)=(71.13188pt, 688.5567pt, 85.35826pt)
* \paperwidth=597.50787pt
* \paperheight=845.04684pt
* \textwidth=426.79135pt
* \textheight=688.5567pt
* \oddsidemargin=41.54103pt
* \evensidemargin=41.54103pt
* \topmargin=-34.61191pt
* \headheight=13.6pt
* \headsep=19.8738pt
* \topskip=11.0pt
* \footskip=0.0pt
* \marginparwidth=49.0pt
* \marginparsep=7.0pt
* \columnsep=10.0pt
* \skip\footins=12.0pt plus 4.0pt minus 4.0pt
* \hoffset=0.0pt
* \voffset=0.0pt
* \mag=1000
* \@twocolumnfalse
* \@twosidefalse
* \@mparswitchfalse
* \@reversemarginfalse
* (1in=72.27pt=25.4mm, 1cm=28.453pt)

Requested font "[LiberationSans-Regular.ttf]/ICU:script=latn;language=DFLT;" at
 17.28pt
 -> C:/Users/celsius/Desktop/current/LiberationSans-Regular.ttf
Requested font "[LiberationSans-Regular.ttf]/ICU:script=latn;language=DFLT;" at
 24.88pt
 -> C:/Users/celsius/Desktop/current/LiberationSans-Regular.ttf

Underfull \hbox (badness 10000) in paragraph at lines 292--292

 []

Requested font "[LiberationSans-Regular.ttf]/ICU:script=latn;language=DFLT;" at
 8.0pt
 -> C:/Users/celsius/Desktop/current/LiberationSans-Regular.ttf
Requested font "[LiberationSans-Regular.ttf]/ICU:script=latn;language=DFLT;" at
 6.0pt
 -> C:/Users/celsius/Desktop/current/LiberationSans-Regular.ttf
Requested font "cmmi10" at 10.95pt
Requested font "cmmi8" at 8.0pt
Requested font "cmmi6" at 6.0pt
Requested font "cmsy10" at 10.95pt
Requested font "cmsy8" at 8.0pt
Requested font "cmsy6" at 6.0pt
Requested font "cmex10" at 10.95pt
Requested font "cmex8" at 8.0pt
Requested font "cmex7" at 6.0pt
LaTeX Font Info:    Try loading font information for U+msa on input line 292.
(C:\apps\latex_portable\miktex-portable-2.9.5105\tex\latex\amsfonts\umsa.fd
File: umsa.fd 2013/01/14 v3.01 AMS symbols A
)
Requested font "msam10" at 10.95pt
Requested font "msam10" at 8.0pt
Requested font "msam7" at 6.0pt
LaTeX Font Info:    Try loading font information for U+msb on input line 292.

(C:\apps\latex_portable\miktex-portable-2.9.5105\tex\latex\amsfonts\umsb.fd
File: umsb.fd 2013/01/14 v3.01 AMS symbols B
)
Requested font "msbm10" at 10.95pt
Requested font "msbm10" at 8.0pt
Requested font "msbm7" at 6.0pt
Requested font "eurm10" at 10.95pt
Requested font "eurm8" at 8.0pt
Requested font "eurm6" at 6.0pt
Requested font "cmr8" at 8.0pt
Requested font "cmr6" at 6.0pt
File: illustration/viiva.png Graphic file (type QTm)

<use  "illustration/viiva.png" >
File: illustration/metropolia.png Graphic file (type QTm)
 <use  "illustration/metropolia.png" >
(C:\apps\latex_portable\miktex-portable-2.9.5105\tex\generic\oberdiek\se-ascii-
print.def
File: se-ascii-print.def 2011/12/02 v1.10 stringenc: Printable ASCII characters

) [1

]
Underfull \hbox (badness 10000) in paragraph at lines 340--344

 []


Underfull \hbox (badness 10000) in paragraph at lines 346--351

 []


Underfull \hbox (badness 10000) in paragraph at lines 369--369

 []


Underfull \hbox (badness 10000) in paragraph at lines 369--369

 []


Overfull \hbox (25.19995pt too wide) in paragraph at lines 338--373
[][] 
 []


Class memoir Warning: The material used in the footer is too large
(9.51996pt) for the given foot skip (0.0pt), it is recommended to
either increase the foot skip or redesign the fotoer
(in both cases you will find help in the memoir manual). on input line 373.

File: illustration/footer.png Graphic file (type QTm)
<use  "illustration/footer.png" > [2

]
Requested font "[LiberationSans-Bold.ttf]/ICU:script=latn;language=DFLT;" at 13
.0pt
 -> C:/Users/celsius/Desktop/current/LiberationSans-Bold.ttf

(C:\Users\celsius\Desktop\current\thesis.toc
Requested font "[LiberationSans-Bold.ttf]/ICU:script=latn;language=DFLT;" at 10
.95pt
 -> C:/Users/celsius/Desktop/current/LiberationSans-Bold.ttf
)
File: illustration/footer.png Graphic file (type QTm)

<use  "illustration/footer.png" > [3

]
File: illustration/footer.png Graphic file (type QTm)
 <use  "illustration/footer.png" >
[4

]
Overfull \hbox (1.59593pt too wide) in paragraph at lines 450--451
\EU1/LiberationSans-Regular.ttf(0)/m/n/10.95 ground of the speech synthesis tec
hnology is discussed. The historical evolution of speech
 []

[1]
File: illustration/human.png Graphic file (type QTm)
 <use  "illustration/human.png" > [2

]
File: illustration/tts.png Graphic file (type QTm)
 <use  "illustration/tts.png" >
[3]
File: illustration/cascade_formant_synthesizer.png Graphic file (type QTm)
 <use  "illustration/cascade_formant_synthesizer.png" > [4] [5] [6] [7]
File: illustration/vowels.png Graphic file (type QTm)

<use  "illustration/vowels.png" >
File: illustration/consonants.png Graphic file (type QTm)
 <use  "illustration/consonants.png" >

LaTeX Warning: `h' float specifier changed to `ht'.

[8] [9]
File: illustration/rawtext.png Graphic file (type QTm)
 <use  "illustration/rawtext.png" >
File: illustration/nlp.png Graphic file (type QTm)
 <use  "illustration/nlp.png" >
[10] [11]
Underfull \hbox (badness 10000) in paragraph at lines 642--644

 []

[12

] [13]
Underfull \hbox (badness 10000) in paragraph at lines 663--664

 []


Underfull \hbox (badness 10000) in paragraph at lines 688--690

 []

[14]
Overfull \hbox (8.47331pt too wide) in paragraph at lines 693--703
[][] 
 []

LaTeX Font Info:    Try loading font information for EU1+lmtt on input line 734
.
(C:\apps\latex_portable\miktex-portable-2.9.5105\tex\latex\euenc\eu1lmtt.fd
File: eu1lmtt.fd 2009/10/30 v1.6 Font defs for Latin Modern
)
Requested font "[lmmono10-regular]" at 10.95pt
 -> C:/apps/latex_portable/miktex-portable-2.9.5105/fonts/opentype/public/lm/lm
mono10-regular.otf
Requested font "[LiberationSans-Regular.ttf]/ICU:script=latn;language=DFLT;" at
 9.0pt
 -> C:/Users/celsius/Desktop/current/LiberationSans-Regular.ttf

[15] [16]
Underfull \hbox (badness 10000) in paragraph at lines 759--760

 []

[17

]
File: illustration/viz.jpg Graphic file (type QTm)
 <use  "illustration/viz.jpg" > [18]

LaTeX Warning: `h' float specifier changed to `ht'.

[19]
File: illustration/orderpicking.png Graphic file (type QTm)
 <use  "illustration/orderpicking.png" > [20] [21]
File: illustration/clientserver.png Graphic file (type QTm)

<use  "illustration/clientserver.png" > [22

] [23]
Underfull \hbox (badness 10000) in paragraph at lines 877--881

 []

[24]
(C:\apps\latex_portable\miktex-portable-2.9.5105\tex\latex\listings\lstlang1.st
y
File: lstlang1.sty 2014/09/06 1.5e listings language file
)
(C:\apps\latex_portable\miktex-portable-2.9.5105\tex\latex\listings\lstlang2.st
y
File: lstlang2.sty 2014/09/06 1.5e listings language file
)
LaTeX Font Info:    Font shape `EU1/lmtt/bx/n' in size <10.95> not available
(Font)              Font shape `EU1/lmtt/b/n' tried instead on input line 898.
Requested font "[lmmonolt10-bold]" at 10.95pt
 -> C:/apps/latex_portable/miktex-portable-2.9.5105/fonts/opentype/public/lm/lm
monolt10-bold.otf
File: illustration/menu.png Graphic file (type QTm)
 <use  "illustration/menu.png" > [25]
File: illustration/reading.png Graphic file (type QTm)
 <use  "illustration/reading.png" >
[26]
Requested font "[lmmono10-italic]" at 10.95pt
 -> C:/apps/latex_portable/miktex-portable-2.9.5105/fonts/opentype/public/lm/lm
mono10-italic.otf
File: illustration/dialogue.png Graphic file (type QTm)
 <use  "illustration/dialogue.png" > [27]
File: illustration/pronunciation.png Graphic file (type QTm)

<use  "illustration/pronunciation.png" > [28]
File: illustration/python.png Graphic file (type QTm)

<use  "illustration/python.png" > [29] [30]
Overfull \hbox (1.74829pt too wide) in paragraph at lines 1025--1026
\EU1/LiberationSans-Regular.ttf(0)/m/n/10.95 experiments were carried out to us
e the Oromo language, one of the languages in Ethiopia,
 []

[31

] [32] (C:\Users\celsius\Desktop\current\thesis.bbl
bibitemlist
[33

]) [34] [35]
\c@appx1=\count358


Class memoir Warning: The material used in the footer is too large
(9.51996pt) for the given foot skip (0.0pt), it is recommended to
either increase the foot skip or redesign the fotoer
(in both cases you will find help in the memoir manual). on input line 1319.


Class memoir Warning: The material used in the headers is too large
(27.2pt) for the given head height (13.6pt), it is recommended to
either increase the head height or redesign the header
(in both cases you will find help in the memoir manual). on input line 1319.


Overfull \vbox (13.59999pt too high) has occurred while \output is active []


[1

]
\tf@toc=\write6
Package atveryend Info: Empty hook `BeforeClearDocument' on input line 1319.
Package atveryend Info: Empty hook `AfterLastShipout' on input line 1319.
 (C:\Users\celsius\Desktop\current\thesis.aux)
Package atveryend Info: Empty hook `AtVeryEndDocument' on input line 1319.
Package atveryend Info: Empty hook `AtEndAfterFileList' on input line 1319.
 ) 
Here is how much of TeX's memory you used:
 53020 strings out of 429025
 1112044 string characters out of 3164126
 1569980 words of memory out of 3000000
 55607 multiletter control sequences out of 15000+200000
 10878 words of font info for 60 fonts, out of 3000000 for 9000
 912 hyphenation exceptions out of 8191
 68i,14n,77p,10410b,2937s stack positions out of 5000i,500n,10000p,200000b,50000s

Output written on thesis.pdf (40 pages).
