\BOOKMARK [0][-]{chapter.1}{Introduction}{}% 1
\BOOKMARK [0][-]{chapter.2}{Theoretical\040background}{}% 2
\BOOKMARK [1][-]{section.2.1}{Brief\040history\040of\040speech\040synthesis}{chapter.2}% 3
\BOOKMARK [1][-]{section.2.2}{Speech\040synthesis\040techniques}{chapter.2}% 4
\BOOKMARK [1][-]{section.2.3}{Computer-assisted\040language\040learning\040\(CALL\)}{chapter.2}% 5
\BOOKMARK [1][-]{section.2.4}{Language\040learning\040and\040technology}{chapter.2}% 6
\BOOKMARK [1][-]{section.2.5}{Finnish\040phonetics\040and\040phonology}{chapter.2}% 7
\BOOKMARK [1][-]{section.2.6}{Natural\040language\040processing}{chapter.2}% 8
\BOOKMARK [1][-]{section.2.7}{Applications\040of\040synthetic\040speech}{chapter.2}% 9
\BOOKMARK [0][-]{chapter.3}{Available\040tools\040and\040techniques}{}% 10
\BOOKMARK [1][-]{section.3.1}{Available\040speech\040synthesis\040products\040and\040APIs}{chapter.3}% 11
\BOOKMARK [1][-]{section.3.2}{Speech\040synthesis\040markup\040language}{chapter.3}% 12
\BOOKMARK [1][-]{section.3.3}{Speech\040quality\040and\040evaluation}{chapter.3}% 13
\BOOKMARK [0][-]{chapter.4}{Current\040research\040in\040speech\040technologies}{}% 14
\BOOKMARK [1][-]{section.4.1}{Visualization\040of\040speech}{chapter.4}% 15
\BOOKMARK [1][-]{section.4.2}{Automatic\040speech\040recognition\040\(ASR\)}{chapter.4}% 16
\BOOKMARK [1][-]{section.4.3}{Standards}{chapter.4}% 17
\BOOKMARK [1][-]{section.4.4}{Emerging\040markets\040in\040mobile\040speech}{chapter.4}% 18
\BOOKMARK [0][-]{chapter.5}{Implementation}{}% 19
\BOOKMARK [1][-]{section.5.1}{Setting\040up\040a\040Linux\040text-to-speech\040server\040}{chapter.5}% 20
\BOOKMARK [2][-]{subsection.5.1.1}{Espeak}{section.5.1}% 21
\BOOKMARK [2][-]{subsection.5.1.2}{Festival}{section.5.1}% 22
\BOOKMARK [2][-]{subsection.5.1.3}{Server\040side\040scripts}{section.5.1}% 23
\BOOKMARK [1][-]{section.5.2}{Developing\040a\040demo\040web\040application}{chapter.5}% 24
\BOOKMARK [1][-]{section.5.3}{Results\040}{chapter.5}% 25
\BOOKMARK [0][-]{chapter.6}{Conclusions}{}% 26
\BOOKMARK [0][-]{section*.22}{References}{}% 27
\BOOKMARK [0][-]{appendix.A}{List\040of\040websites\040for\040TTS\040companies}{}% 28
